21:09 INFO    : Running for label 'injection_Bu2022Ye_4', output will be saved to './outdir/BNS/4'
21:09 INFO    : Running for label 'injection_Bu2022Ye_4', output will be saved to './outdir/BNS/4'
21:09 INFO    : Running for label 'injection_Bu2022Ye_4', output will be saved to './outdir/BNS/4'
21:09 INFO    : Running for label 'injection_Bu2022Ye_4', output will be saved to './outdir/BNS/4'
21:09 INFO    : Running for label 'injection_Bu2022Ye_4', output will be saved to './outdir/BNS/4'
21:09 INFO    : Running for label 'injection_Bu2022Ye_4', output will be saved to './outdir/BNS/4'
21:09 INFO    : Running for label 'injection_Bu2022Ye_4', output will be saved to './outdir/BNS/4'
21:09 INFO    : Running for label 'injection_Bu2022Ye_4', output will be saved to './outdir/BNS/4'
21:09 INFO    : Running for label 'injection_Bu2022Ye_4', output will be saved to './outdir/BNS/4'
21:09 INFO    : Running for label 'injection_Bu2022Ye_4', output will be saved to './outdir/BNS/4'
21:09 INFO    : Running for label 'injection_Bu2022Ye_4', output will be saved to './outdir/BNS/4'
21:09 INFO    : Running for label 'injection_Bu2022Ye_4', output will be saved to './outdir/BNS/4'
21:09 INFO    : Running for label 'injection_Bu2022Ye_4', output will be saved to './outdir/BNS/4'
21:09 INFO    : Running for label 'injection_Bu2022Ye_4', output will be saved to './outdir/BNS/4'
21:09 INFO    : Running for label 'injection_Bu2022Ye_4', output will be saved to './outdir/BNS/4'
21:09 INFO    : Running for label 'injection_Bu2022Ye_4', output will be saved to './outdir/BNS/4'
21:09 INFO    : Analysis priors:
21:09 INFO    : luminosity_distance=Uniform(minimum=0.0, maximum=800.0, name='luminosity_distance', latex_label='$d_L$', unit=None, boundary=None)
21:09 INFO    : inclination_EM=Uniform(minimum=0.0, maximum=1.5707963267948966, name='inclination_EM', latex_label='$\\iota$', unit=None, boundary=None)
21:09 INFO    : log10_mej_dyn=Uniform(minimum=-3, maximum=-1.7, name='log10_mej_dyn', latex_label='$\\log_{10}M^{\\rm{dyn}}_{\\rm{ej}}$', unit=None, boundary=None)
21:09 INFO    : vej_dyn=Uniform(minimum=0.12, maximum=0.25, name='vej_dyn', latex_label='$V^{\\rm{dyn}}_{\\rm{ej}}$', unit=None, boundary=None)
21:09 INFO    : Yedyn=Uniform(minimum=0.15, maximum=0.3, name='Yedyn', latex_label='$Y_{\\rm{e}}$', unit=None, boundary=None)
21:09 INFO    : log10_mej_wind=Uniform(minimum=-2, maximum=-0.89, name='log10_mej_wind', latex_label='$\\log_{10}M^{\\rm{wind}}_{\\rm{ej}}$', unit=None, boundary=None)
21:09 INFO    : vej_wind=Uniform(minimum=0.03, maximum=0.15, name='vej_wind', latex_label='$V^{\\rm{wind}}_{\\rm{ej}}$', unit=None, boundary=None)
21:09 INFO    : alpha=Gaussian(mu=0.0, sigma=0.004, name='alpha', latex_label='$\\alpha$', unit=None, boundary=None)
21:09 INFO    : ratio_zeta=Uniform(minimum=0.1, maximum=0.5, name='ratio_zeta', latex_label='$\\zeta$', unit=None, boundary=None)
21:09 INFO    : ratio_epsilon=Uniform(minimum=0.0, maximum=1.0, name='ratio_epsilon', latex_label='$\\varepsilon$', unit=None, boundary=None)
21:09 INFO    : cos_theta_jn=Uniform(minimum=-1, maximum=1, name='cos_theta_jn', latex_label='$\\cos\\theta_{JN}$', unit=None, boundary='reflective')
21:09 INFO    : timeshift=0.0
21:09 INFO    : Ebv=0.0
21:09 INFO    : Analysis likelihood class: <class 'nmma.em.likelihood.OpticalLightCurve'>
21:09 INFO    : Analysis likelihood noise evidence: 0.0
21:09 INFO    : Analysis priors:
21:09 INFO    : luminosity_distance=Uniform(minimum=0.0, maximum=800.0, name='luminosity_distance', latex_label='$d_L$', unit=None, boundary=None)
21:09 INFO    : inclination_EM=Uniform(minimum=0.0, maximum=1.5707963267948966, name='inclination_EM', latex_label='$\\iota$', unit=None, boundary=None)
21:09 INFO    : log10_mej_dyn=Uniform(minimum=-3, maximum=-1.7, name='log10_mej_dyn', latex_label='$\\log_{10}M^{\\rm{dyn}}_{\\rm{ej}}$', unit=None, boundary=None)
21:09 INFO    : vej_dyn=Uniform(minimum=0.12, maximum=0.25, name='vej_dyn', latex_label='$V^{\\rm{dyn}}_{\\rm{ej}}$', unit=None, boundary=None)
21:09 INFO    : Yedyn=Uniform(minimum=0.15, maximum=0.3, name='Yedyn', latex_label='$Y_{\\rm{e}}$', unit=None, boundary=None)
21:09 INFO    : log10_mej_wind=Uniform(minimum=-2, maximum=-0.89, name='log10_mej_wind', latex_label='$\\log_{10}M^{\\rm{wind}}_{\\rm{ej}}$', unit=None, boundary=None)
21:09 INFO    : vej_wind=Uniform(minimum=0.03, maximum=0.15, name='vej_wind', latex_label='$V^{\\rm{wind}}_{\\rm{ej}}$', unit=None, boundary=None)
21:09 INFO    : alpha=Gaussian(mu=0.0, sigma=0.004, name='alpha', latex_label='$\\alpha$', unit=None, boundary=None)
21:09 INFO    : ratio_zeta=Uniform(minimum=0.1, maximum=0.5, name='ratio_zeta', latex_label='$\\zeta$', unit=None, boundary=None)
21:09 INFO    : ratio_epsilon=Uniform(minimum=0.0, maximum=1.0, name='ratio_epsilon', latex_label='$\\varepsilon$', unit=None, boundary=None)
21:09 INFO    : cos_theta_jn=Uniform(minimum=-1, maximum=1, name='cos_theta_jn', latex_label='$\\cos\\theta_{JN}$', unit=None, boundary='reflective')
21:09 INFO    : timeshift=0.0
21:09 INFO    : Ebv=0.0
21:09 INFO    : Analysis likelihood class: <class 'nmma.em.likelihood.OpticalLightCurve'>
21:09 INFO    : Analysis likelihood noise evidence: 0.0
21:09 INFO    : Analysis priors:
21:09 INFO    : luminosity_distance=Uniform(minimum=0.0, maximum=800.0, name='luminosity_distance', latex_label='$d_L$', unit=None, boundary=None)
21:09 INFO    : inclination_EM=Uniform(minimum=0.0, maximum=1.5707963267948966, name='inclination_EM', latex_label='$\\iota$', unit=None, boundary=None)
21:09 INFO    : log10_mej_dyn=Uniform(minimum=-3, maximum=-1.7, name='log10_mej_dyn', latex_label='$\\log_{10}M^{\\rm{dyn}}_{\\rm{ej}}$', unit=None, boundary=None)
21:09 INFO    : vej_dyn=Uniform(minimum=0.12, maximum=0.25, name='vej_dyn', latex_label='$V^{\\rm{dyn}}_{\\rm{ej}}$', unit=None, boundary=None)
21:09 INFO    : Yedyn=Uniform(minimum=0.15, maximum=0.3, name='Yedyn', latex_label='$Y_{\\rm{e}}$', unit=None, boundary=None)
21:09 INFO    : log10_mej_wind=Uniform(minimum=-2, maximum=-0.89, name='log10_mej_wind', latex_label='$\\log_{10}M^{\\rm{wind}}_{\\rm{ej}}$', unit=None, boundary=None)
21:09 INFO    : vej_wind=Uniform(minimum=0.03, maximum=0.15, name='vej_wind', latex_label='$V^{\\rm{wind}}_{\\rm{ej}}$', unit=None, boundary=None)
21:09 INFO    : alpha=Gaussian(mu=0.0, sigma=0.004, name='alpha', latex_label='$\\alpha$', unit=None, boundary=None)
21:09 INFO    : ratio_zeta=Uniform(minimum=0.1, maximum=0.5, name='ratio_zeta', latex_label='$\\zeta$', unit=None, boundary=None)
21:09 INFO    : ratio_epsilon=Uniform(minimum=0.0, maximum=1.0, name='ratio_epsilon', latex_label='$\\varepsilon$', unit=None, boundary=None)
21:09 INFO    : cos_theta_jn=Uniform(minimum=-1, maximum=1, name='cos_theta_jn', latex_label='$\\cos\\theta_{JN}$', unit=None, boundary='reflective')
21:09 INFO    : timeshift=0.0
21:09 INFO    : Ebv=0.0
21:09 INFO    : Analysis likelihood class: <class 'nmma.em.likelihood.OpticalLightCurve'>
21:09 INFO    : Analysis likelihood noise evidence: 0.0
21:09 INFO    : Analysis priors:
21:09 INFO    : luminosity_distance=Uniform(minimum=0.0, maximum=800.0, name='luminosity_distance', latex_label='$d_L$', unit=None, boundary=None)
21:09 INFO    : inclination_EM=Uniform(minimum=0.0, maximum=1.5707963267948966, name='inclination_EM', latex_label='$\\iota$', unit=None, boundary=None)
21:09 INFO    : log10_mej_dyn=Uniform(minimum=-3, maximum=-1.7, name='log10_mej_dyn', latex_label='$\\log_{10}M^{\\rm{dyn}}_{\\rm{ej}}$', unit=None, boundary=None)
21:09 INFO    : vej_dyn=Uniform(minimum=0.12, maximum=0.25, name='vej_dyn', latex_label='$V^{\\rm{dyn}}_{\\rm{ej}}$', unit=None, boundary=None)
21:09 INFO    : Yedyn=Uniform(minimum=0.15, maximum=0.3, name='Yedyn', latex_label='$Y_{\\rm{e}}$', unit=None, boundary=None)
21:09 INFO    : log10_mej_wind=Uniform(minimum=-2, maximum=-0.89, name='log10_mej_wind', latex_label='$\\log_{10}M^{\\rm{wind}}_{\\rm{ej}}$', unit=None, boundary=None)
21:09 INFO    : vej_wind=Uniform(minimum=0.03, maximum=0.15, name='vej_wind', latex_label='$V^{\\rm{wind}}_{\\rm{ej}}$', unit=None, boundary=None)
21:09 INFO    : alpha=Gaussian(mu=0.0, sigma=0.004, name='alpha', latex_label='$\\alpha$', unit=None, boundary=None)
21:09 INFO    : ratio_zeta=Uniform(minimum=0.1, maximum=0.5, name='ratio_zeta', latex_label='$\\zeta$', unit=None, boundary=None)
21:09 INFO    : ratio_epsilon=Uniform(minimum=0.0, maximum=1.0, name='ratio_epsilon', latex_label='$\\varepsilon$', unit=None, boundary=None)
21:09 INFO    : cos_theta_jn=Uniform(minimum=-1, maximum=1, name='cos_theta_jn', latex_label='$\\cos\\theta_{JN}$', unit=None, boundary='reflective')
21:09 INFO    : timeshift=0.0
21:09 INFO    : Ebv=0.0
21:09 INFO    : Analysis likelihood class: <class 'nmma.em.likelihood.OpticalLightCurve'>
21:09 INFO    : Analysis likelihood noise evidence: 0.0
21:09 INFO    : Analysis priors:
21:09 INFO    : luminosity_distance=Uniform(minimum=0.0, maximum=800.0, name='luminosity_distance', latex_label='$d_L$', unit=None, boundary=None)
21:09 INFO    : inclination_EM=Uniform(minimum=0.0, maximum=1.5707963267948966, name='inclination_EM', latex_label='$\\iota$', unit=None, boundary=None)
21:09 INFO    : log10_mej_dyn=Uniform(minimum=-3, maximum=-1.7, name='log10_mej_dyn', latex_label='$\\log_{10}M^{\\rm{dyn}}_{\\rm{ej}}$', unit=None, boundary=None)
21:09 INFO    : vej_dyn=Uniform(minimum=0.12, maximum=0.25, name='vej_dyn', latex_label='$V^{\\rm{dyn}}_{\\rm{ej}}$', unit=None, boundary=None)
21:09 INFO    : Yedyn=Uniform(minimum=0.15, maximum=0.3, name='Yedyn', latex_label='$Y_{\\rm{e}}$', unit=None, boundary=None)
21:09 INFO    : log10_mej_wind=Uniform(minimum=-2, maximum=-0.89, name='log10_mej_wind', latex_label='$\\log_{10}M^{\\rm{wind}}_{\\rm{ej}}$', unit=None, boundary=None)
21:09 INFO    : vej_wind=Uniform(minimum=0.03, maximum=0.15, name='vej_wind', latex_label='$V^{\\rm{wind}}_{\\rm{ej}}$', unit=None, boundary=None)
21:09 INFO    : alpha=Gaussian(mu=0.0, sigma=0.004, name='alpha', latex_label='$\\alpha$', unit=None, boundary=None)
21:09 INFO    : ratio_zeta=Uniform(minimum=0.1, maximum=0.5, name='ratio_zeta', latex_label='$\\zeta$', unit=None, boundary=None)
21:09 INFO    : ratio_epsilon=Uniform(minimum=0.0, maximum=1.0, name='ratio_epsilon', latex_label='$\\varepsilon$', unit=None, boundary=None)
21:09 INFO    : cos_theta_jn=Uniform(minimum=-1, maximum=1, name='cos_theta_jn', latex_label='$\\cos\\theta_{JN}$', unit=None, boundary='reflective')
21:09 INFO    : timeshift=0.0
21:09 INFO    : Ebv=0.0
21:09 INFO    : Analysis likelihood class: <class 'nmma.em.likelihood.OpticalLightCurve'>
21:09 INFO    : Analysis likelihood noise evidence: 0.0
21:09 INFO    : Analysis priors:
21:09 INFO    : luminosity_distance=Uniform(minimum=0.0, maximum=800.0, name='luminosity_distance', latex_label='$d_L$', unit=None, boundary=None)
21:09 INFO    : inclination_EM=Uniform(minimum=0.0, maximum=1.5707963267948966, name='inclination_EM', latex_label='$\\iota$', unit=None, boundary=None)
21:09 INFO    : Analysis priors:
21:09 INFO    : log10_mej_dyn=Uniform(minimum=-3, maximum=-1.7, name='log10_mej_dyn', latex_label='$\\log_{10}M^{\\rm{dyn}}_{\\rm{ej}}$', unit=None, boundary=None)
21:09 INFO    : vej_dyn=Uniform(minimum=0.12, maximum=0.25, name='vej_dyn', latex_label='$V^{\\rm{dyn}}_{\\rm{ej}}$', unit=None, boundary=None)
21:09 INFO    : Yedyn=Uniform(minimum=0.15, maximum=0.3, name='Yedyn', latex_label='$Y_{\\rm{e}}$', unit=None, boundary=None)
21:09 INFO    : log10_mej_wind=Uniform(minimum=-2, maximum=-0.89, name='log10_mej_wind', latex_label='$\\log_{10}M^{\\rm{wind}}_{\\rm{ej}}$', unit=None, boundary=None)
21:09 INFO    : vej_wind=Uniform(minimum=0.03, maximum=0.15, name='vej_wind', latex_label='$V^{\\rm{wind}}_{\\rm{ej}}$', unit=None, boundary=None)
21:09 INFO    : luminosity_distance=Uniform(minimum=0.0, maximum=800.0, name='luminosity_distance', latex_label='$d_L$', unit=None, boundary=None)
21:09 INFO    : alpha=Gaussian(mu=0.0, sigma=0.004, name='alpha', latex_label='$\\alpha$', unit=None, boundary=None)
21:09 INFO    : ratio_zeta=Uniform(minimum=0.1, maximum=0.5, name='ratio_zeta', latex_label='$\\zeta$', unit=None, boundary=None)
21:09 INFO    : ratio_epsilon=Uniform(minimum=0.0, maximum=1.0, name='ratio_epsilon', latex_label='$\\varepsilon$', unit=None, boundary=None)
21:09 INFO    : inclination_EM=Uniform(minimum=0.0, maximum=1.5707963267948966, name='inclination_EM', latex_label='$\\iota$', unit=None, boundary=None)
21:09 INFO    : cos_theta_jn=Uniform(minimum=-1, maximum=1, name='cos_theta_jn', latex_label='$\\cos\\theta_{JN}$', unit=None, boundary='reflective')
21:09 INFO    : timeshift=0.0
21:09 INFO    : Ebv=0.0
21:09 INFO    : Analysis likelihood class: <class 'nmma.em.likelihood.OpticalLightCurve'>
21:09 INFO    : Analysis likelihood noise evidence: 0.0
21:09 INFO    : log10_mej_dyn=Uniform(minimum=-3, maximum=-1.7, name='log10_mej_dyn', latex_label='$\\log_{10}M^{\\rm{dyn}}_{\\rm{ej}}$', unit=None, boundary=None)
21:09 INFO    : vej_dyn=Uniform(minimum=0.12, maximum=0.25, name='vej_dyn', latex_label='$V^{\\rm{dyn}}_{\\rm{ej}}$', unit=None, boundary=None)
21:09 INFO    : Yedyn=Uniform(minimum=0.15, maximum=0.3, name='Yedyn', latex_label='$Y_{\\rm{e}}$', unit=None, boundary=None)
21:09 INFO    : log10_mej_wind=Uniform(minimum=-2, maximum=-0.89, name='log10_mej_wind', latex_label='$\\log_{10}M^{\\rm{wind}}_{\\rm{ej}}$', unit=None, boundary=None)
21:09 INFO    : vej_wind=Uniform(minimum=0.03, maximum=0.15, name='vej_wind', latex_label='$V^{\\rm{wind}}_{\\rm{ej}}$', unit=None, boundary=None)
21:09 INFO    : alpha=Gaussian(mu=0.0, sigma=0.004, name='alpha', latex_label='$\\alpha$', unit=None, boundary=None)
21:09 INFO    : ratio_zeta=Uniform(minimum=0.1, maximum=0.5, name='ratio_zeta', latex_label='$\\zeta$', unit=None, boundary=None)
21:09 INFO    : ratio_epsilon=Uniform(minimum=0.0, maximum=1.0, name='ratio_epsilon', latex_label='$\\varepsilon$', unit=None, boundary=None)
21:09 INFO    : cos_theta_jn=Uniform(minimum=-1, maximum=1, name='cos_theta_jn', latex_label='$\\cos\\theta_{JN}$', unit=None, boundary='reflective')
21:09 INFO    : timeshift=0.0
21:09 INFO    : Ebv=0.0
21:09 INFO    : Analysis likelihood class: <class 'nmma.em.likelihood.OpticalLightCurve'>
21:09 INFO    : Analysis likelihood noise evidence: 0.0
21:09 INFO    : Analysis priors:
21:09 INFO    : luminosity_distance=Uniform(minimum=0.0, maximum=800.0, name='luminosity_distance', latex_label='$d_L$', unit=None, boundary=None)
21:09 INFO    : inclination_EM=Uniform(minimum=0.0, maximum=1.5707963267948966, name='inclination_EM', latex_label='$\\iota$', unit=None, boundary=None)
21:09 INFO    : log10_mej_dyn=Uniform(minimum=-3, maximum=-1.7, name='log10_mej_dyn', latex_label='$\\log_{10}M^{\\rm{dyn}}_{\\rm{ej}}$', unit=None, boundary=None)
21:09 INFO    : vej_dyn=Uniform(minimum=0.12, maximum=0.25, name='vej_dyn', latex_label='$V^{\\rm{dyn}}_{\\rm{ej}}$', unit=None, boundary=None)
21:09 INFO    : Yedyn=Uniform(minimum=0.15, maximum=0.3, name='Yedyn', latex_label='$Y_{\\rm{e}}$', unit=None, boundary=None)
21:09 INFO    : log10_mej_wind=Uniform(minimum=-2, maximum=-0.89, name='log10_mej_wind', latex_label='$\\log_{10}M^{\\rm{wind}}_{\\rm{ej}}$', unit=None, boundary=None)
21:09 INFO    : vej_wind=Uniform(minimum=0.03, maximum=0.15, name='vej_wind', latex_label='$V^{\\rm{wind}}_{\\rm{ej}}$', unit=None, boundary=None)
21:09 INFO    : alpha=Gaussian(mu=0.0, sigma=0.004, name='alpha', latex_label='$\\alpha$', unit=None, boundary=None)
21:09 INFO    : ratio_zeta=Uniform(minimum=0.1, maximum=0.5, name='ratio_zeta', latex_label='$\\zeta$', unit=None, boundary=None)
21:09 INFO    : ratio_epsilon=Uniform(minimum=0.0, maximum=1.0, name='ratio_epsilon', latex_label='$\\varepsilon$', unit=None, boundary=None)
21:09 INFO    : cos_theta_jn=Uniform(minimum=-1, maximum=1, name='cos_theta_jn', latex_label='$\\cos\\theta_{JN}$', unit=None, boundary='reflective')
21:09 INFO    : timeshift=0.0
21:09 INFO    : Ebv=0.0
21:09 INFO    : Analysis likelihood class: <class 'nmma.em.likelihood.OpticalLightCurve'>
21:09 INFO    : Analysis likelihood noise evidence: 0.0
21:09 INFO    : Analysis priors:
21:09 INFO    : luminosity_distance=Uniform(minimum=0.0, maximum=800.0, name='luminosity_distance', latex_label='$d_L$', unit=None, boundary=None)
21:09 INFO    : inclination_EM=Uniform(minimum=0.0, maximum=1.5707963267948966, name='inclination_EM', latex_label='$\\iota$', unit=None, boundary=None)
21:09 INFO    : log10_mej_dyn=Uniform(minimum=-3, maximum=-1.7, name='log10_mej_dyn', latex_label='$\\log_{10}M^{\\rm{dyn}}_{\\rm{ej}}$', unit=None, boundary=None)
21:09 INFO    : vej_dyn=Uniform(minimum=0.12, maximum=0.25, name='vej_dyn', latex_label='$V^{\\rm{dyn}}_{\\rm{ej}}$', unit=None, boundary=None)
21:09 INFO    : Yedyn=Uniform(minimum=0.15, maximum=0.3, name='Yedyn', latex_label='$Y_{\\rm{e}}$', unit=None, boundary=None)
21:09 INFO    : log10_mej_wind=Uniform(minimum=-2, maximum=-0.89, name='log10_mej_wind', latex_label='$\\log_{10}M^{\\rm{wind}}_{\\rm{ej}}$', unit=None, boundary=None)
21:09 INFO    : vej_wind=Uniform(minimum=0.03, maximum=0.15, name='vej_wind', latex_label='$V^{\\rm{wind}}_{\\rm{ej}}$', unit=None, boundary=None)
21:09 INFO    : alpha=Gaussian(mu=0.0, sigma=0.004, name='alpha', latex_label='$\\alpha$', unit=None, boundary=None)
21:09 INFO    : ratio_zeta=Uniform(minimum=0.1, maximum=0.5, name='ratio_zeta', latex_label='$\\zeta$', unit=None, boundary=None)
21:09 INFO    : ratio_epsilon=Uniform(minimum=0.0, maximum=1.0, name='ratio_epsilon', latex_label='$\\varepsilon$', unit=None, boundary=None)
21:09 INFO    : cos_theta_jn=Uniform(minimum=-1, maximum=1, name='cos_theta_jn', latex_label='$\\cos\\theta_{JN}$', unit=None, boundary='reflective')
21:09 INFO    : timeshift=0.0
21:09 INFO    : Ebv=0.0
21:09 INFO    : Analysis likelihood class: <class 'nmma.em.likelihood.OpticalLightCurve'>
21:09 INFO    : Analysis likelihood noise evidence: 0.0
21:09 INFO    : Analysis priors:
21:09 INFO    : luminosity_distance=Uniform(minimum=0.0, maximum=800.0, name='luminosity_distance', latex_label='$d_L$', unit=None, boundary=None)
21:09 INFO    : inclination_EM=Uniform(minimum=0.0, maximum=1.5707963267948966, name='inclination_EM', latex_label='$\\iota$', unit=None, boundary=None)
21:09 INFO    : log10_mej_dyn=Uniform(minimum=-3, maximum=-1.7, name='log10_mej_dyn', latex_label='$\\log_{10}M^{\\rm{dyn}}_{\\rm{ej}}$', unit=None, boundary=None)
21:09 INFO    : vej_dyn=Uniform(minimum=0.12, maximum=0.25, name='vej_dyn', latex_label='$V^{\\rm{dyn}}_{\\rm{ej}}$', unit=None, boundary=None)
21:09 INFO    : Yedyn=Uniform(minimum=0.15, maximum=0.3, name='Yedyn', latex_label='$Y_{\\rm{e}}$', unit=None, boundary=None)
21:09 INFO    : log10_mej_wind=Uniform(minimum=-2, maximum=-0.89, name='log10_mej_wind', latex_label='$\\log_{10}M^{\\rm{wind}}_{\\rm{ej}}$', unit=None, boundary=None)
21:09 INFO    : vej_wind=Uniform(minimum=0.03, maximum=0.15, name='vej_wind', latex_label='$V^{\\rm{wind}}_{\\rm{ej}}$', unit=None, boundary=None)
21:09 INFO    : alpha=Gaussian(mu=0.0, sigma=0.004, name='alpha', latex_label='$\\alpha$', unit=None, boundary=None)
21:09 INFO    : ratio_zeta=Uniform(minimum=0.1, maximum=0.5, name='ratio_zeta', latex_label='$\\zeta$', unit=None, boundary=None)
21:09 INFO    : ratio_epsilon=Uniform(minimum=0.0, maximum=1.0, name='ratio_epsilon', latex_label='$\\varepsilon$', unit=None, boundary=None)
21:09 INFO    : cos_theta_jn=Uniform(minimum=-1, maximum=1, name='cos_theta_jn', latex_label='$\\cos\\theta_{JN}$', unit=None, boundary='reflective')
21:09 INFO    : timeshift=0.0
21:09 INFO    : Ebv=0.0
21:09 INFO    : Analysis likelihood class: <class 'nmma.em.likelihood.OpticalLightCurve'>
21:09 INFO    : Analysis likelihood noise evidence: 0.0
21:09 INFO    : Analysis priors:
21:09 INFO    : luminosity_distance=Uniform(minimum=0.0, maximum=800.0, name='luminosity_distance', latex_label='$d_L$', unit=None, boundary=None)
21:09 INFO    : inclination_EM=Uniform(minimum=0.0, maximum=1.5707963267948966, name='inclination_EM', latex_label='$\\iota$', unit=None, boundary=None)
21:09 INFO    : log10_mej_dyn=Uniform(minimum=-3, maximum=-1.7, name='log10_mej_dyn', latex_label='$\\log_{10}M^{\\rm{dyn}}_{\\rm{ej}}$', unit=None, boundary=None)
21:09 INFO    : vej_dyn=Uniform(minimum=0.12, maximum=0.25, name='vej_dyn', latex_label='$V^{\\rm{dyn}}_{\\rm{ej}}$', unit=None, boundary=None)
21:09 INFO    : Yedyn=Uniform(minimum=0.15, maximum=0.3, name='Yedyn', latex_label='$Y_{\\rm{e}}$', unit=None, boundary=None)
21:09 INFO    : log10_mej_wind=Uniform(minimum=-2, maximum=-0.89, name='log10_mej_wind', latex_label='$\\log_{10}M^{\\rm{wind}}_{\\rm{ej}}$', unit=None, boundary=None)
21:09 INFO    : vej_wind=Uniform(minimum=0.03, maximum=0.15, name='vej_wind', latex_label='$V^{\\rm{wind}}_{\\rm{ej}}$', unit=None, boundary=None)
21:09 INFO    : alpha=Gaussian(mu=0.0, sigma=0.004, name='alpha', latex_label='$\\alpha$', unit=None, boundary=None)
21:09 INFO    : ratio_zeta=Uniform(minimum=0.1, maximum=0.5, name='ratio_zeta', latex_label='$\\zeta$', unit=None, boundary=None)
21:09 INFO    : ratio_epsilon=Uniform(minimum=0.0, maximum=1.0, name='ratio_epsilon', latex_label='$\\varepsilon$', unit=None, boundary=None)
21:09 INFO    : cos_theta_jn=Uniform(minimum=-1, maximum=1, name='cos_theta_jn', latex_label='$\\cos\\theta_{JN}$', unit=None, boundary='reflective')
21:09 INFO    : timeshift=0.0
21:09 INFO    : Ebv=0.0
21:09 INFO    : Analysis likelihood class: <class 'nmma.em.likelihood.OpticalLightCurve'>
21:09 INFO    : Analysis likelihood noise evidence: 0.0
21:09 INFO    : Analysis priors:
21:09 INFO    : luminosity_distance=Uniform(minimum=0.0, maximum=800.0, name='luminosity_distance', latex_label='$d_L$', unit=None, boundary=None)
21:09 INFO    : inclination_EM=Uniform(minimum=0.0, maximum=1.5707963267948966, name='inclination_EM', latex_label='$\\iota$', unit=None, boundary=None)
21:09 INFO    : log10_mej_dyn=Uniform(minimum=-3, maximum=-1.7, name='log10_mej_dyn', latex_label='$\\log_{10}M^{\\rm{dyn}}_{\\rm{ej}}$', unit=None, boundary=None)
21:09 INFO    : vej_dyn=Uniform(minimum=0.12, maximum=0.25, name='vej_dyn', latex_label='$V^{\\rm{dyn}}_{\\rm{ej}}$', unit=None, boundary=None)
21:09 INFO    : Yedyn=Uniform(minimum=0.15, maximum=0.3, name='Yedyn', latex_label='$Y_{\\rm{e}}$', unit=None, boundary=None)
21:09 INFO    : log10_mej_wind=Uniform(minimum=-2, maximum=-0.89, name='log10_mej_wind', latex_label='$\\log_{10}M^{\\rm{wind}}_{\\rm{ej}}$', unit=None, boundary=None)
21:09 INFO    : vej_wind=Uniform(minimum=0.03, maximum=0.15, name='vej_wind', latex_label='$V^{\\rm{wind}}_{\\rm{ej}}$', unit=None, boundary=None)
21:09 INFO    : alpha=Gaussian(mu=0.0, sigma=0.004, name='alpha', latex_label='$\\alpha$', unit=None, boundary=None)
21:09 INFO    : ratio_zeta=Uniform(minimum=0.1, maximum=0.5, name='ratio_zeta', latex_label='$\\zeta$', unit=None, boundary=None)
21:09 INFO    : ratio_epsilon=Uniform(minimum=0.0, maximum=1.0, name='ratio_epsilon', latex_label='$\\varepsilon$', unit=None, boundary=None)
21:09 INFO    : Analysis priors:
21:09 INFO    : cos_theta_jn=Uniform(minimum=-1, maximum=1, name='cos_theta_jn', latex_label='$\\cos\\theta_{JN}$', unit=None, boundary='reflective')
21:09 INFO    : timeshift=0.0
21:09 INFO    : Ebv=0.0
21:09 INFO    : Analysis likelihood class: <class 'nmma.em.likelihood.OpticalLightCurve'>
21:09 INFO    : Analysis likelihood noise evidence: 0.0
21:09 INFO    : luminosity_distance=Uniform(minimum=0.0, maximum=800.0, name='luminosity_distance', latex_label='$d_L$', unit=None, boundary=None)
21:09 INFO    : inclination_EM=Uniform(minimum=0.0, maximum=1.5707963267948966, name='inclination_EM', latex_label='$\\iota$', unit=None, boundary=None)
21:09 INFO    : log10_mej_dyn=Uniform(minimum=-3, maximum=-1.7, name='log10_mej_dyn', latex_label='$\\log_{10}M^{\\rm{dyn}}_{\\rm{ej}}$', unit=None, boundary=None)
21:09 INFO    : vej_dyn=Uniform(minimum=0.12, maximum=0.25, name='vej_dyn', latex_label='$V^{\\rm{dyn}}_{\\rm{ej}}$', unit=None, boundary=None)
21:09 INFO    : Yedyn=Uniform(minimum=0.15, maximum=0.3, name='Yedyn', latex_label='$Y_{\\rm{e}}$', unit=None, boundary=None)
21:09 INFO    : log10_mej_wind=Uniform(minimum=-2, maximum=-0.89, name='log10_mej_wind', latex_label='$\\log_{10}M^{\\rm{wind}}_{\\rm{ej}}$', unit=None, boundary=None)
21:09 INFO    : vej_wind=Uniform(minimum=0.03, maximum=0.15, name='vej_wind', latex_label='$V^{\\rm{wind}}_{\\rm{ej}}$', unit=None, boundary=None)
21:09 INFO    : alpha=Gaussian(mu=0.0, sigma=0.004, name='alpha', latex_label='$\\alpha$', unit=None, boundary=None)
21:09 INFO    : ratio_zeta=Uniform(minimum=0.1, maximum=0.5, name='ratio_zeta', latex_label='$\\zeta$', unit=None, boundary=None)
21:09 INFO    : ratio_epsilon=Uniform(minimum=0.0, maximum=1.0, name='ratio_epsilon', latex_label='$\\varepsilon$', unit=None, boundary=None)
21:09 INFO    : cos_theta_jn=Uniform(minimum=-1, maximum=1, name='cos_theta_jn', latex_label='$\\cos\\theta_{JN}$', unit=None, boundary='reflective')
21:09 INFO    : timeshift=0.0
21:09 INFO    : Ebv=0.0
21:09 INFO    : Analysis likelihood class: <class 'nmma.em.likelihood.OpticalLightCurve'>
21:09 INFO    : Analysis likelihood noise evidence: 0.0
21:09 INFO    : Analysis priors:
21:09 INFO    : luminosity_distance=Uniform(minimum=0.0, maximum=800.0, name='luminosity_distance', latex_label='$d_L$', unit=None, boundary=None)
21:09 INFO    : inclination_EM=Uniform(minimum=0.0, maximum=1.5707963267948966, name='inclination_EM', latex_label='$\\iota$', unit=None, boundary=None)
21:09 INFO    : log10_mej_dyn=Uniform(minimum=-3, maximum=-1.7, name='log10_mej_dyn', latex_label='$\\log_{10}M^{\\rm{dyn}}_{\\rm{ej}}$', unit=None, boundary=None)
21:09 INFO    : vej_dyn=Uniform(minimum=0.12, maximum=0.25, name='vej_dyn', latex_label='$V^{\\rm{dyn}}_{\\rm{ej}}$', unit=None, boundary=None)
21:09 INFO    : Yedyn=Uniform(minimum=0.15, maximum=0.3, name='Yedyn', latex_label='$Y_{\\rm{e}}$', unit=None, boundary=None)
21:09 INFO    : log10_mej_wind=Uniform(minimum=-2, maximum=-0.89, name='log10_mej_wind', latex_label='$\\log_{10}M^{\\rm{wind}}_{\\rm{ej}}$', unit=None, boundary=None)
21:09 INFO    : vej_wind=Uniform(minimum=0.03, maximum=0.15, name='vej_wind', latex_label='$V^{\\rm{wind}}_{\\rm{ej}}$', unit=None, boundary=None)
21:09 INFO    : alpha=Gaussian(mu=0.0, sigma=0.004, name='alpha', latex_label='$\\alpha$', unit=None, boundary=None)
21:09 INFO    : ratio_zeta=Uniform(minimum=0.1, maximum=0.5, name='ratio_zeta', latex_label='$\\zeta$', unit=None, boundary=None)
21:09 INFO    : ratio_epsilon=Uniform(minimum=0.0, maximum=1.0, name='ratio_epsilon', latex_label='$\\varepsilon$', unit=None, boundary=None)
21:09 INFO    : cos_theta_jn=Uniform(minimum=-1, maximum=1, name='cos_theta_jn', latex_label='$\\cos\\theta_{JN}$', unit=None, boundary='reflective')
21:09 INFO    : timeshift=0.0
21:09 INFO    : Ebv=0.0
21:09 INFO    : Analysis likelihood class: <class 'nmma.em.likelihood.OpticalLightCurve'>
21:09 INFO    : Analysis likelihood noise evidence: 0.0
21:09 INFO    : Single likelihood evaluation took nan s
21:09 INFO    : Analysis priors:
21:09 INFO    : luminosity_distance=Uniform(minimum=0.0, maximum=800.0, name='luminosity_distance', latex_label='$d_L$', unit=None, boundary=None)
21:09 INFO    : inclination_EM=Uniform(minimum=0.0, maximum=1.5707963267948966, name='inclination_EM', latex_label='$\\iota$', unit=None, boundary=None)
21:09 INFO    : log10_mej_dyn=Uniform(minimum=-3, maximum=-1.7, name='log10_mej_dyn', latex_label='$\\log_{10}M^{\\rm{dyn}}_{\\rm{ej}}$', unit=None, boundary=None)
21:09 INFO    : vej_dyn=Uniform(minimum=0.12, maximum=0.25, name='vej_dyn', latex_label='$V^{\\rm{dyn}}_{\\rm{ej}}$', unit=None, boundary=None)
21:09 INFO    : Yedyn=Uniform(minimum=0.15, maximum=0.3, name='Yedyn', latex_label='$Y_{\\rm{e}}$', unit=None, boundary=None)
21:09 INFO    : log10_mej_wind=Uniform(minimum=-2, maximum=-0.89, name='log10_mej_wind', latex_label='$\\log_{10}M^{\\rm{wind}}_{\\rm{ej}}$', unit=None, boundary=None)
21:09 INFO    : vej_wind=Uniform(minimum=0.03, maximum=0.15, name='vej_wind', latex_label='$V^{\\rm{wind}}_{\\rm{ej}}$', unit=None, boundary=None)
21:09 INFO    : alpha=Gaussian(mu=0.0, sigma=0.004, name='alpha', latex_label='$\\alpha$', unit=None, boundary=None)
21:09 INFO    : ratio_zeta=Uniform(minimum=0.1, maximum=0.5, name='ratio_zeta', latex_label='$\\zeta$', unit=None, boundary=None)
21:09 INFO    : ratio_epsilon=Uniform(minimum=0.0, maximum=1.0, name='ratio_epsilon', latex_label='$\\varepsilon$', unit=None, boundary=None)
21:09 INFO    : cos_theta_jn=Uniform(minimum=-1, maximum=1, name='cos_theta_jn', latex_label='$\\cos\\theta_{JN}$', unit=None, boundary='reflective')
21:09 INFO    : timeshift=0.0
21:09 INFO    : Ebv=0.0
21:09 INFO    : Analysis likelihood class: <class 'nmma.em.likelihood.OpticalLightCurve'>
21:09 INFO    : Analysis likelihood noise evidence: 0.0
21:09 WARNING : Supplied argument 'queue_size' not an argument of 'Pymultinest', removing.
21:09 WARNING : Supplied argument 'check_point_delta_t' not an argument of 'Pymultinest', removing.
21:09 INFO    : Using sampler Pymultinest with kwargs {'importance_nested_sampling': False, 'resume': True, 'verbose': True, 'sampling_efficiency': 'parameter', 'n_live_points': 2048, 'n_params': 11, 'n_clustering_params': None, 'wrapped_params': None, 'multimodal': True, 'const_efficiency_mode': False, 'evidence_tolerance': 0.5, 'n_iter_before_update': 100, 'null_log_evidence': -1e+90, 'max_modes': 100, 'mode_tolerance': -1e+90, 'seed': 42, 'context': 0, 'write_output': True, 'log_zero': -1e+100, 'max_iter': 0, 'init_MPI': False, 'dump_callback': <bound method Pymultinest._dump_callback of <bilby.core.sampler.pymultinest.Pymultinest object at 0x7f49143824d0>>}
21:09 INFO    : Temporary directory incompatible with MPI, will run in original directory
21:09 INFO    : Using output file ./outdir/BNS/4/pm_injection_Bu2022Ye_4/
21:09 INFO    : Analysis priors:
21:09 INFO    : luminosity_distance=Uniform(minimum=0.0, maximum=800.0, name='luminosity_distance', latex_label='$d_L$', unit=None, boundary=None)
21:09 INFO    : inclination_EM=Uniform(minimum=0.0, maximum=1.5707963267948966, name='inclination_EM', latex_label='$\\iota$', unit=None, boundary=None)
21:09 INFO    : log10_mej_dyn=Uniform(minimum=-3, maximum=-1.7, name='log10_mej_dyn', latex_label='$\\log_{10}M^{\\rm{dyn}}_{\\rm{ej}}$', unit=None, boundary=None)
21:09 INFO    : vej_dyn=Uniform(minimum=0.12, maximum=0.25, name='vej_dyn', latex_label='$V^{\\rm{dyn}}_{\\rm{ej}}$', unit=None, boundary=None)
21:09 INFO    : Yedyn=Uniform(minimum=0.15, maximum=0.3, name='Yedyn', latex_label='$Y_{\\rm{e}}$', unit=None, boundary=None)
21:09 INFO    : log10_mej_wind=Uniform(minimum=-2, maximum=-0.89, name='log10_mej_wind', latex_label='$\\log_{10}M^{\\rm{wind}}_{\\rm{ej}}$', unit=None, boundary=None)
21:09 INFO    : vej_wind=Uniform(minimum=0.03, maximum=0.15, name='vej_wind', latex_label='$V^{\\rm{wind}}_{\\rm{ej}}$', unit=None, boundary=None)
21:09 INFO    : alpha=Gaussian(mu=0.0, sigma=0.004, name='alpha', latex_label='$\\alpha$', unit=None, boundary=None)
21:09 INFO    : ratio_zeta=Uniform(minimum=0.1, maximum=0.5, name='ratio_zeta', latex_label='$\\zeta$', unit=None, boundary=None)
21:09 INFO    : ratio_epsilon=Uniform(minimum=0.0, maximum=1.0, name='ratio_epsilon', latex_label='$\\varepsilon$', unit=None, boundary=None)
21:09 INFO    : cos_theta_jn=Uniform(minimum=-1, maximum=1, name='cos_theta_jn', latex_label='$\\cos\\theta_{JN}$', unit=None, boundary='reflective')
21:09 INFO    : timeshift=0.0
21:09 INFO    : Ebv=0.0
21:09 INFO    : Analysis likelihood class: <class 'nmma.em.likelihood.OpticalLightCurve'>
21:09 INFO    : Analysis likelihood noise evidence: 0.0
21:09 INFO    : Single likelihood evaluation took nan s
21:09 WARNING : Supplied argument 'queue_size' not an argument of 'Pymultinest', removing.
21:09 WARNING : Supplied argument 'check_point_delta_t' not an argument of 'Pymultinest', removing.
21:09 INFO    : Using sampler Pymultinest with kwargs {'importance_nested_sampling': False, 'resume': True, 'verbose': True, 'sampling_efficiency': 'parameter', 'n_live_points': 2048, 'n_params': 11, 'n_clustering_params': None, 'wrapped_params': None, 'multimodal': True, 'const_efficiency_mode': False, 'evidence_tolerance': 0.5, 'n_iter_before_update': 100, 'null_log_evidence': -1e+90, 'max_modes': 100, 'mode_tolerance': -1e+90, 'seed': 42, 'context': 0, 'write_output': True, 'log_zero': -1e+100, 'max_iter': 0, 'init_MPI': False, 'dump_callback': <bound method Pymultinest._dump_callback of <bilby.core.sampler.pymultinest.Pymultinest object at 0x7f228c4b6b60>>}
21:09 INFO    : Temporary directory incompatible with MPI, will run in original directory
21:09 INFO    : Using output file ./outdir/BNS/4/pm_injection_Bu2022Ye_4/
21:09 INFO    : Single likelihood evaluation took nan s
21:09 WARNING : Supplied argument 'queue_size' not an argument of 'Pymultinest', removing.
21:09 WARNING : Supplied argument 'check_point_delta_t' not an argument of 'Pymultinest', removing.
21:09 INFO    : Using sampler Pymultinest with kwargs {'importance_nested_sampling': False, 'resume': True, 'verbose': True, 'sampling_efficiency': 'parameter', 'n_live_points': 2048, 'n_params': 11, 'n_clustering_params': None, 'wrapped_params': None, 'multimodal': True, 'const_efficiency_mode': False, 'evidence_tolerance': 0.5, 'n_iter_before_update': 100, 'null_log_evidence': -1e+90, 'max_modes': 100, 'mode_tolerance': -1e+90, 'seed': 42, 'context': 0, 'write_output': True, 'log_zero': -1e+100, 'max_iter': 0, 'init_MPI': False, 'dump_callback': <bound method Pymultinest._dump_callback of <bilby.core.sampler.pymultinest.Pymultinest object at 0x7f79b06724d0>>}
21:09 INFO    : Temporary directory incompatible with MPI, will run in original directory
21:09 INFO    : Using output file ./outdir/BNS/4/pm_injection_Bu2022Ye_4/
21:09 INFO    : Single likelihood evaluation took nan s
21:09 WARNING : Supplied argument 'queue_size' not an argument of 'Pymultinest', removing.
21:09 WARNING : Supplied argument 'check_point_delta_t' not an argument of 'Pymultinest', removing.
21:09 INFO    : Using sampler Pymultinest with kwargs {'importance_nested_sampling': False, 'resume': True, 'verbose': True, 'sampling_efficiency': 'parameter', 'n_live_points': 2048, 'n_params': 11, 'n_clustering_params': None, 'wrapped_params': None, 'multimodal': True, 'const_efficiency_mode': False, 'evidence_tolerance': 0.5, 'n_iter_before_update': 100, 'null_log_evidence': -1e+90, 'max_modes': 100, 'mode_tolerance': -1e+90, 'seed': 42, 'context': 0, 'write_output': True, 'log_zero': -1e+100, 'max_iter': 0, 'init_MPI': False, 'dump_callback': <bound method Pymultinest._dump_callback of <bilby.core.sampler.pymultinest.Pymultinest object at 0x7f3b247ae4d0>>}
21:09 INFO    : Temporary directory incompatible with MPI, will run in original directory
21:09 INFO    : Using output file ./outdir/BNS/4/pm_injection_Bu2022Ye_4/
21:09 INFO    : Single likelihood evaluation took nan s
21:09 WARNING : Supplied argument 'queue_size' not an argument of 'Pymultinest', removing.
21:09 WARNING : Supplied argument 'check_point_delta_t' not an argument of 'Pymultinest', removing.
21:09 INFO    : Using sampler Pymultinest with kwargs {'importance_nested_sampling': False, 'resume': True, 'verbose': True, 'sampling_efficiency': 'parameter', 'n_live_points': 2048, 'n_params': 11, 'n_clustering_params': None, 'wrapped_params': None, 'multimodal': True, 'const_efficiency_mode': False, 'evidence_tolerance': 0.5, 'n_iter_before_update': 100, 'null_log_evidence': -1e+90, 'max_modes': 100, 'mode_tolerance': -1e+90, 'seed': 42, 'context': 0, 'write_output': True, 'log_zero': -1e+100, 'max_iter': 0, 'init_MPI': False, 'dump_callback': <bound method Pymultinest._dump_callback of <bilby.core.sampler.pymultinest.Pymultinest object at 0x7efd1c48feb0>>}
21:09 INFO    : Temporary directory incompatible with MPI, will run in original directory
21:09 INFO    : Using output file ./outdir/BNS/4/pm_injection_Bu2022Ye_4/
21:09 INFO    : Single likelihood evaluation took nan s
21:09 WARNING : Supplied argument 'queue_size' not an argument of 'Pymultinest', removing.
21:09 INFO    : Single likelihood evaluation took nan s
21:09 WARNING : Supplied argument 'check_point_delta_t' not an argument of 'Pymultinest', removing.
21:09 INFO    : Using sampler Pymultinest with kwargs {'importance_nested_sampling': False, 'resume': True, 'verbose': True, 'sampling_efficiency': 'parameter', 'n_live_points': 2048, 'n_params': 11, 'n_clustering_params': None, 'wrapped_params': None, 'multimodal': True, 'const_efficiency_mode': False, 'evidence_tolerance': 0.5, 'n_iter_before_update': 100, 'null_log_evidence': -1e+90, 'max_modes': 100, 'mode_tolerance': -1e+90, 'seed': 42, 'context': 0, 'write_output': True, 'log_zero': -1e+100, 'max_iter': 0, 'init_MPI': False, 'dump_callback': <bound method Pymultinest._dump_callback of <bilby.core.sampler.pymultinest.Pymultinest object at 0x7f4d103a39d0>>}
21:09 INFO    : Temporary directory incompatible with MPI, will run in original directory
21:09 INFO    : Using output file ./outdir/BNS/4/pm_injection_Bu2022Ye_4/
21:09 WARNING : Supplied argument 'queue_size' not an argument of 'Pymultinest', removing.
21:09 WARNING : Supplied argument 'check_point_delta_t' not an argument of 'Pymultinest', removing.
21:09 INFO    : Using sampler Pymultinest with kwargs {'importance_nested_sampling': False, 'resume': True, 'verbose': True, 'sampling_efficiency': 'parameter', 'n_live_points': 2048, 'n_params': 11, 'n_clustering_params': None, 'wrapped_params': None, 'multimodal': True, 'const_efficiency_mode': False, 'evidence_tolerance': 0.5, 'n_iter_before_update': 100, 'null_log_evidence': -1e+90, 'max_modes': 100, 'mode_tolerance': -1e+90, 'seed': 42, 'context': 0, 'write_output': True, 'log_zero': -1e+100, 'max_iter': 0, 'init_MPI': False, 'dump_callback': <bound method Pymultinest._dump_callback of <bilby.core.sampler.pymultinest.Pymultinest object at 0x7fdc5c7a2b60>>}
21:09 INFO    : Temporary directory incompatible with MPI, will run in original directory
21:09 INFO    : Using output file ./outdir/BNS/4/pm_injection_Bu2022Ye_4/
21:09 INFO    : Single likelihood evaluation took nan s
21:09 WARNING : Supplied argument 'queue_size' not an argument of 'Pymultinest', removing.
21:09 WARNING : Supplied argument 'check_point_delta_t' not an argument of 'Pymultinest', removing.
21:09 INFO    : Using sampler Pymultinest with kwargs {'importance_nested_sampling': False, 'resume': True, 'verbose': True, 'sampling_efficiency': 'parameter', 'n_live_points': 2048, 'n_params': 11, 'n_clustering_params': None, 'wrapped_params': None, 'multimodal': True, 'const_efficiency_mode': False, 'evidence_tolerance': 0.5, 'n_iter_before_update': 100, 'null_log_evidence': -1e+90, 'max_modes': 100, 'mode_tolerance': -1e+90, 'seed': 42, 'context': 0, 'write_output': True, 'log_zero': -1e+100, 'max_iter': 0, 'init_MPI': False, 'dump_callback': <bound method Pymultinest._dump_callback of <bilby.core.sampler.pymultinest.Pymultinest object at 0x7f502c2a7eb0>>}
21:09 INFO    : Temporary directory incompatible with MPI, will run in original directory
21:09 INFO    : Using output file ./outdir/BNS/4/pm_injection_Bu2022Ye_4/
21:09 INFO    : Single likelihood evaluation took nan s
21:09 INFO    : Single likelihood evaluation took nan s
21:09 WARNING : Supplied argument 'queue_size' not an argument of 'Pymultinest', removing.
21:09 WARNING : Supplied argument 'check_point_delta_t' not an argument of 'Pymultinest', removing.
21:09 INFO    : Using sampler Pymultinest with kwargs {'importance_nested_sampling': False, 'resume': True, 'verbose': True, 'sampling_efficiency': 'parameter', 'n_live_points': 2048, 'n_params': 11, 'n_clustering_params': None, 'wrapped_params': None, 'multimodal': True, 'const_efficiency_mode': False, 'evidence_tolerance': 0.5, 'n_iter_before_update': 100, 'null_log_evidence': -1e+90, 'max_modes': 100, 'mode_tolerance': -1e+90, 'seed': 42, 'context': 0, 'write_output': True, 'log_zero': -1e+100, 'max_iter': 0, 'init_MPI': False, 'dump_callback': <bound method Pymultinest._dump_callback of <bilby.core.sampler.pymultinest.Pymultinest object at 0x7fc8907a6b60>>}
21:09 INFO    : Temporary directory incompatible with MPI, will run in original directory
21:09 INFO    : Using output file ./outdir/BNS/4/pm_injection_Bu2022Ye_4/
21:09 WARNING : Supplied argument 'queue_size' not an argument of 'Pymultinest', removing.
21:09 WARNING : Supplied argument 'check_point_delta_t' not an argument of 'Pymultinest', removing.
21:09 INFO    : Using sampler Pymultinest with kwargs {'importance_nested_sampling': False, 'resume': True, 'verbose': True, 'sampling_efficiency': 'parameter', 'n_live_points': 2048, 'n_params': 11, 'n_clustering_params': None, 'wrapped_params': None, 'multimodal': True, 'const_efficiency_mode': False, 'evidence_tolerance': 0.5, 'n_iter_before_update': 100, 'null_log_evidence': -1e+90, 'max_modes': 100, 'mode_tolerance': -1e+90, 'seed': 42, 'context': 0, 'write_output': True, 'log_zero': -1e+100, 'max_iter': 0, 'init_MPI': False, 'dump_callback': <bound method Pymultinest._dump_callback of <bilby.core.sampler.pymultinest.Pymultinest object at 0x7f729c3abeb0>>}
21:09 INFO    : Temporary directory incompatible with MPI, will run in original directory
21:09 INFO    : Using output file ./outdir/BNS/4/pm_injection_Bu2022Ye_4/
21:09 INFO    : Single likelihood evaluation took nan s
21:09 WARNING : Supplied argument 'queue_size' not an argument of 'Pymultinest', removing.
21:09 WARNING : Supplied argument 'check_point_delta_t' not an argument of 'Pymultinest', removing.
21:09 INFO    : Using sampler Pymultinest with kwargs {'importance_nested_sampling': False, 'resume': True, 'verbose': True, 'sampling_efficiency': 'parameter', 'n_live_points': 2048, 'n_params': 11, 'n_clustering_params': None, 'wrapped_params': None, 'multimodal': True, 'const_efficiency_mode': False, 'evidence_tolerance': 0.5, 'n_iter_before_update': 100, 'null_log_evidence': -1e+90, 'max_modes': 100, 'mode_tolerance': -1e+90, 'seed': 42, 'context': 0, 'write_output': True, 'log_zero': -1e+100, 'max_iter': 0, 'init_MPI': False, 'dump_callback': <bound method Pymultinest._dump_callback of <bilby.core.sampler.pymultinest.Pymultinest object at 0x7fc3907a64d0>>}
21:09 INFO    : Temporary directory incompatible with MPI, will run in original directory
21:09 INFO    : Using output file ./outdir/BNS/4/pm_injection_Bu2022Ye_4/
21:09 INFO    : Single likelihood evaluation took nan s
21:09 INFO    : Single likelihood evaluation took nan s
21:09 WARNING : Supplied argument 'queue_size' not an argument of 'Pymultinest', removing.
21:09 WARNING : Supplied argument 'check_point_delta_t' not an argument of 'Pymultinest', removing.
21:09 INFO    : Using sampler Pymultinest with kwargs {'importance_nested_sampling': False, 'resume': True, 'verbose': True, 'sampling_efficiency': 'parameter', 'n_live_points': 2048, 'n_params': 11, 'n_clustering_params': None, 'wrapped_params': None, 'multimodal': True, 'const_efficiency_mode': False, 'evidence_tolerance': 0.5, 'n_iter_before_update': 100, 'null_log_evidence': -1e+90, 'max_modes': 100, 'mode_tolerance': -1e+90, 'seed': 42, 'context': 0, 'write_output': True, 'log_zero': -1e+100, 'max_iter': 0, 'init_MPI': False, 'dump_callback': <bound method Pymultinest._dump_callback of <bilby.core.sampler.pymultinest.Pymultinest object at 0x7fd9f81abe80>>}
21:09 INFO    : Temporary directory incompatible with MPI, will run in original directory
21:09 INFO    : Using output file ./outdir/BNS/4/pm_injection_Bu2022Ye_4/
21:09 WARNING : Supplied argument 'queue_size' not an argument of 'Pymultinest', removing.
21:09 WARNING : Supplied argument 'check_point_delta_t' not an argument of 'Pymultinest', removing.
21:09 INFO    : Using sampler Pymultinest with kwargs {'importance_nested_sampling': False, 'resume': True, 'verbose': True, 'sampling_efficiency': 'parameter', 'n_live_points': 2048, 'n_params': 11, 'n_clustering_params': None, 'wrapped_params': None, 'multimodal': True, 'const_efficiency_mode': False, 'evidence_tolerance': 0.5, 'n_iter_before_update': 100, 'null_log_evidence': -1e+90, 'max_modes': 100, 'mode_tolerance': -1e+90, 'seed': 42, 'context': 0, 'write_output': True, 'log_zero': -1e+100, 'max_iter': 0, 'init_MPI': False, 'dump_callback': <bound method Pymultinest._dump_callback of <bilby.core.sampler.pymultinest.Pymultinest object at 0x7fd5c878eb60>>}
21:09 INFO    : Temporary directory incompatible with MPI, will run in original directory
21:09 INFO    : Using output file ./outdir/BNS/4/pm_injection_Bu2022Ye_4/
21:09 INFO    : Single likelihood evaluation took nan s
21:09 WARNING : Supplied argument 'queue_size' not an argument of 'Pymultinest', removing.
21:09 WARNING : Supplied argument 'check_point_delta_t' not an argument of 'Pymultinest', removing.
21:09 INFO    : Using sampler Pymultinest with kwargs {'importance_nested_sampling': False, 'resume': True, 'verbose': True, 'sampling_efficiency': 'parameter', 'n_live_points': 2048, 'n_params': 11, 'n_clustering_params': None, 'wrapped_params': None, 'multimodal': True, 'const_efficiency_mode': False, 'evidence_tolerance': 0.5, 'n_iter_before_update': 100, 'null_log_evidence': -1e+90, 'max_modes': 100, 'mode_tolerance': -1e+90, 'seed': 42, 'context': 0, 'write_output': True, 'log_zero': -1e+100, 'max_iter': 0, 'init_MPI': False, 'dump_callback': <bound method Pymultinest._dump_callback of <bilby.core.sampler.pymultinest.Pymultinest object at 0x7fe80437e4d0>>}
21:09 INFO    : Temporary directory incompatible with MPI, will run in original directory
21:09 INFO    : Using output file ./outdir/BNS/4/pm_injection_Bu2022Ye_4/
21:09 INFO    : Single likelihood evaluation took nan s
21:09 WARNING : Supplied argument 'queue_size' not an argument of 'Pymultinest', removing.
21:09 WARNING : Supplied argument 'check_point_delta_t' not an argument of 'Pymultinest', removing.
21:09 INFO    : Using sampler Pymultinest with kwargs {'importance_nested_sampling': False, 'resume': True, 'verbose': True, 'sampling_efficiency': 'parameter', 'n_live_points': 2048, 'n_params': 11, 'n_clustering_params': None, 'wrapped_params': None, 'multimodal': True, 'const_efficiency_mode': False, 'evidence_tolerance': 0.5, 'n_iter_before_update': 100, 'null_log_evidence': -1e+90, 'max_modes': 100, 'mode_tolerance': -1e+90, 'seed': 42, 'context': 0, 'write_output': True, 'log_zero': -1e+100, 'max_iter': 0, 'init_MPI': False, 'dump_callback': <bound method Pymultinest._dump_callback of <bilby.core.sampler.pymultinest.Pymultinest object at 0x7f18607abeb0>>}
21:09 INFO    : Temporary directory incompatible with MPI, will run in original directory
21:09 INFO    : Using output file ./outdir/BNS/4/pm_injection_Bu2022Ye_4/
21:09 INFO    : Single likelihood evaluation took nan s
21:09 WARNING : Supplied argument 'queue_size' not an argument of 'Pymultinest', removing.
21:09 WARNING : Supplied argument 'check_point_delta_t' not an argument of 'Pymultinest', removing.
21:09 INFO    : Using sampler Pymultinest with kwargs {'importance_nested_sampling': False, 'resume': True, 'verbose': True, 'sampling_efficiency': 'parameter', 'n_live_points': 2048, 'n_params': 11, 'n_clustering_params': None, 'wrapped_params': None, 'multimodal': True, 'const_efficiency_mode': False, 'evidence_tolerance': 0.5, 'n_iter_before_update': 100, 'null_log_evidence': -1e+90, 'max_modes': 100, 'mode_tolerance': -1e+90, 'seed': 42, 'context': 0, 'write_output': True, 'log_zero': -1e+100, 'max_iter': 0, 'init_MPI': False, 'dump_callback': <bound method Pymultinest._dump_callback of <bilby.core.sampler.pymultinest.Pymultinest object at 0x7fd1107964d0>>}
21:09 INFO    : Temporary directory incompatible with MPI, will run in original directory
21:09 INFO    : Using output file ./outdir/BNS/4/pm_injection_Bu2022Ye_4/
21:10 INFO    : Sampling time: 0:01:25.822295
21:10 INFO    : Sampling time: 0:01:24.642073
21:10 INFO    : Sampling time: 0:01:24.654511
21:10 INFO    : Sampling time: 0:01:24.598628
21:10 INFO    : Sampling time: 0:01:24.414065
21:10 INFO    : Sampling time: 0:01:24.955842
21:10 INFO    : Sampling time: 0:01:24.813944
21:10 INFO    : Sampling time: 0:01:24.396026
21:10 INFO    : Sampling time: 0:01:25.198345
21:10 INFO    : Sampling time: 0:01:24.793705
21:10 INFO    : Sampling time: 0:01:24.591010
21:10 INFO    : Sampling time: 0:01:24.538336
21:10 INFO    : Sampling time: 0:01:24.844036
21:10 INFO    : Sampling time: 0:01:24.623333
21:10 INFO    : Sampling time: 0:01:24.829466
21:10 INFO    : Sampling time: 0:01:24.895676
21:10 INFO    : Summary of results:
nsamples: 9286
ln_noise_evidence:  0.000
ln_evidence: -28.139 +/-  0.049
ln_bayes_factor: -28.139 +/-  0.049

21:10 INFO    : Summary of results:
nsamples: 9286
ln_noise_evidence:  0.000
ln_evidence: -28.139 +/-  0.049
ln_bayes_factor: -28.139 +/-  0.049

21:10 INFO    : Summary of results:
nsamples: 9286
ln_noise_evidence:  0.000
ln_evidence: -28.139 +/-  0.049
ln_bayes_factor: -28.139 +/-  0.049

21:10 INFO    : Summary of results:
nsamples: 9286
ln_noise_evidence:  0.000
ln_evidence: -28.139 +/-  0.049
ln_bayes_factor: -28.139 +/-  0.049

21:10 INFO    : Summary of results:
nsamples: 9286
ln_noise_evidence:  0.000
ln_evidence: -28.139 +/-  0.049
ln_bayes_factor: -28.139 +/-  0.049

21:10 INFO    : Summary of results:
nsamples: 9286
ln_noise_evidence:  0.000
ln_evidence: -28.139 +/-  0.049
ln_bayes_factor: -28.139 +/-  0.049

21:10 INFO    : Summary of results:
nsamples: 9286
ln_noise_evidence:  0.000
ln_evidence: -28.139 +/-  0.049
ln_bayes_factor: -28.139 +/-  0.049

21:10 INFO    : Summary of results:
nsamples: 9286
ln_noise_evidence:  0.000
ln_evidence: -28.139 +/-  0.049
ln_bayes_factor: -28.139 +/-  0.049

21:10 INFO    : Summary of results:
nsamples: 9286
ln_noise_evidence:  0.000
ln_evidence: -28.139 +/-  0.049
ln_bayes_factor: -28.139 +/-  0.049

21:10 INFO    : Summary of results:
nsamples: 9286
ln_noise_evidence:  0.000
ln_evidence: -28.139 +/-  0.049
ln_bayes_factor: -28.139 +/-  0.049

21:10 INFO    : Summary of results:
nsamples: 9286
ln_noise_evidence:  0.000
ln_evidence: -28.139 +/-  0.049
ln_bayes_factor: -28.139 +/-  0.049

21:10 INFO    : Summary of results:
nsamples: 9286
ln_noise_evidence:  0.000
ln_evidence: -28.139 +/-  0.049
ln_bayes_factor: -28.139 +/-  0.049

21:10 INFO    : Summary of results:
nsamples: 9286
ln_noise_evidence:  0.000
ln_evidence: -28.139 +/-  0.049
ln_bayes_factor: -28.139 +/-  0.049

21:10 INFO    : Summary of results:
nsamples: 9286
ln_noise_evidence:  0.000
ln_evidence: -28.139 +/-  0.049
ln_bayes_factor: -28.139 +/-  0.049

21:10 INFO    : Writing samples file to /home/urash/twouters/projects/jim_H0/KN/outdir/BNS/4/injection_Bu2022Ye_4_posterior_samples.dat
21:10 INFO    : Summary of results:
nsamples: 9286
ln_noise_evidence:  0.000
ln_evidence: -28.139 +/-  0.049
ln_bayes_factor: -28.139 +/-  0.049

21:10 INFO    : Summary of results:
nsamples: 9286
ln_noise_evidence:  0.000
ln_evidence: -28.139 +/-  0.049
ln_bayes_factor: -28.139 +/-  0.049

