21:07 INFO    : Running for label 'injection_Bu2022Ye_3', output will be saved to './outdir/BNS/3'
21:07 INFO    : Running for label 'injection_Bu2022Ye_3', output will be saved to './outdir/BNS/3'
21:07 INFO    : Running for label 'injection_Bu2022Ye_3', output will be saved to './outdir/BNS/3'
21:07 INFO    : Running for label 'injection_Bu2022Ye_3', output will be saved to './outdir/BNS/3'
21:07 INFO    : Running for label 'injection_Bu2022Ye_3', output will be saved to './outdir/BNS/3'
21:07 INFO    : Running for label 'injection_Bu2022Ye_3', output will be saved to './outdir/BNS/3'
21:07 INFO    : Running for label 'injection_Bu2022Ye_3', output will be saved to './outdir/BNS/3'
21:07 INFO    : Running for label 'injection_Bu2022Ye_3', output will be saved to './outdir/BNS/3'
21:07 INFO    : Running for label 'injection_Bu2022Ye_3', output will be saved to './outdir/BNS/3'
21:07 INFO    : Running for label 'injection_Bu2022Ye_3', output will be saved to './outdir/BNS/3'
21:07 INFO    : Running for label 'injection_Bu2022Ye_3', output will be saved to './outdir/BNS/3'
21:07 INFO    : Running for label 'injection_Bu2022Ye_3', output will be saved to './outdir/BNS/3'
21:07 INFO    : Running for label 'injection_Bu2022Ye_3', output will be saved to './outdir/BNS/3'
21:07 INFO    : Running for label 'injection_Bu2022Ye_3', output will be saved to './outdir/BNS/3'
21:07 INFO    : Running for label 'injection_Bu2022Ye_3', output will be saved to './outdir/BNS/3'
21:07 INFO    : Running for label 'injection_Bu2022Ye_3', output will be saved to './outdir/BNS/3'
21:07 INFO    : Analysis priors:
21:07 INFO    : luminosity_distance=Uniform(minimum=0.0, maximum=800.0, name='luminosity_distance', latex_label='$d_L$', unit=None, boundary=None)
21:07 INFO    : inclination_EM=Uniform(minimum=0.0, maximum=1.5707963267948966, name='inclination_EM', latex_label='$\\iota$', unit=None, boundary=None)
21:07 INFO    : log10_mej_dyn=Uniform(minimum=-3, maximum=-1.7, name='log10_mej_dyn', latex_label='$\\log_{10}M^{\\rm{dyn}}_{\\rm{ej}}$', unit=None, boundary=None)
21:07 INFO    : vej_dyn=Uniform(minimum=0.12, maximum=0.25, name='vej_dyn', latex_label='$V^{\\rm{dyn}}_{\\rm{ej}}$', unit=None, boundary=None)
21:07 INFO    : Yedyn=Uniform(minimum=0.15, maximum=0.3, name='Yedyn', latex_label='$Y_{\\rm{e}}$', unit=None, boundary=None)
21:07 INFO    : log10_mej_wind=Uniform(minimum=-2, maximum=-0.89, name='log10_mej_wind', latex_label='$\\log_{10}M^{\\rm{wind}}_{\\rm{ej}}$', unit=None, boundary=None)
21:07 INFO    : vej_wind=Uniform(minimum=0.03, maximum=0.15, name='vej_wind', latex_label='$V^{\\rm{wind}}_{\\rm{ej}}$', unit=None, boundary=None)
21:07 INFO    : alpha=Gaussian(mu=0.0, sigma=0.004, name='alpha', latex_label='$\\alpha$', unit=None, boundary=None)
21:07 INFO    : ratio_zeta=Uniform(minimum=0.1, maximum=0.5, name='ratio_zeta', latex_label='$\\zeta$', unit=None, boundary=None)
21:07 INFO    : ratio_epsilon=Uniform(minimum=0.0, maximum=1.0, name='ratio_epsilon', latex_label='$\\varepsilon$', unit=None, boundary=None)
21:07 INFO    : cos_theta_jn=Uniform(minimum=-1, maximum=1, name='cos_theta_jn', latex_label='$\\cos\\theta_{JN}$', unit=None, boundary='reflective')
21:07 INFO    : timeshift=0.0
21:07 INFO    : Ebv=0.0
21:07 INFO    : Analysis likelihood class: <class 'nmma.em.likelihood.OpticalLightCurve'>
21:07 INFO    : Analysis likelihood noise evidence: 0.0
21:07 INFO    : Analysis priors:
21:07 INFO    : luminosity_distance=Uniform(minimum=0.0, maximum=800.0, name='luminosity_distance', latex_label='$d_L$', unit=None, boundary=None)
21:07 INFO    : inclination_EM=Uniform(minimum=0.0, maximum=1.5707963267948966, name='inclination_EM', latex_label='$\\iota$', unit=None, boundary=None)
21:07 INFO    : log10_mej_dyn=Uniform(minimum=-3, maximum=-1.7, name='log10_mej_dyn', latex_label='$\\log_{10}M^{\\rm{dyn}}_{\\rm{ej}}$', unit=None, boundary=None)
21:07 INFO    : vej_dyn=Uniform(minimum=0.12, maximum=0.25, name='vej_dyn', latex_label='$V^{\\rm{dyn}}_{\\rm{ej}}$', unit=None, boundary=None)
21:07 INFO    : Yedyn=Uniform(minimum=0.15, maximum=0.3, name='Yedyn', latex_label='$Y_{\\rm{e}}$', unit=None, boundary=None)
21:07 INFO    : log10_mej_wind=Uniform(minimum=-2, maximum=-0.89, name='log10_mej_wind', latex_label='$\\log_{10}M^{\\rm{wind}}_{\\rm{ej}}$', unit=None, boundary=None)
21:07 INFO    : vej_wind=Uniform(minimum=0.03, maximum=0.15, name='vej_wind', latex_label='$V^{\\rm{wind}}_{\\rm{ej}}$', unit=None, boundary=None)
21:07 INFO    : alpha=Gaussian(mu=0.0, sigma=0.004, name='alpha', latex_label='$\\alpha$', unit=None, boundary=None)
21:07 INFO    : ratio_zeta=Uniform(minimum=0.1, maximum=0.5, name='ratio_zeta', latex_label='$\\zeta$', unit=None, boundary=None)
21:07 INFO    : ratio_epsilon=Uniform(minimum=0.0, maximum=1.0, name='ratio_epsilon', latex_label='$\\varepsilon$', unit=None, boundary=None)
21:07 INFO    : cos_theta_jn=Uniform(minimum=-1, maximum=1, name='cos_theta_jn', latex_label='$\\cos\\theta_{JN}$', unit=None, boundary='reflective')
21:07 INFO    : timeshift=0.0
21:07 INFO    : Ebv=0.0
21:07 INFO    : Analysis likelihood class: <class 'nmma.em.likelihood.OpticalLightCurve'>
21:07 INFO    : Analysis likelihood noise evidence: 0.0
21:07 INFO    : Analysis priors:
21:07 INFO    : luminosity_distance=Uniform(minimum=0.0, maximum=800.0, name='luminosity_distance', latex_label='$d_L$', unit=None, boundary=None)
21:07 INFO    : inclination_EM=Uniform(minimum=0.0, maximum=1.5707963267948966, name='inclination_EM', latex_label='$\\iota$', unit=None, boundary=None)
21:07 INFO    : log10_mej_dyn=Uniform(minimum=-3, maximum=-1.7, name='log10_mej_dyn', latex_label='$\\log_{10}M^{\\rm{dyn}}_{\\rm{ej}}$', unit=None, boundary=None)
21:07 INFO    : vej_dyn=Uniform(minimum=0.12, maximum=0.25, name='vej_dyn', latex_label='$V^{\\rm{dyn}}_{\\rm{ej}}$', unit=None, boundary=None)
21:07 INFO    : Yedyn=Uniform(minimum=0.15, maximum=0.3, name='Yedyn', latex_label='$Y_{\\rm{e}}$', unit=None, boundary=None)
21:07 INFO    : log10_mej_wind=Uniform(minimum=-2, maximum=-0.89, name='log10_mej_wind', latex_label='$\\log_{10}M^{\\rm{wind}}_{\\rm{ej}}$', unit=None, boundary=None)
21:07 INFO    : vej_wind=Uniform(minimum=0.03, maximum=0.15, name='vej_wind', latex_label='$V^{\\rm{wind}}_{\\rm{ej}}$', unit=None, boundary=None)
21:07 INFO    : alpha=Gaussian(mu=0.0, sigma=0.004, name='alpha', latex_label='$\\alpha$', unit=None, boundary=None)
21:07 INFO    : ratio_zeta=Uniform(minimum=0.1, maximum=0.5, name='ratio_zeta', latex_label='$\\zeta$', unit=None, boundary=None)
21:07 INFO    : ratio_epsilon=Uniform(minimum=0.0, maximum=1.0, name='ratio_epsilon', latex_label='$\\varepsilon$', unit=None, boundary=None)
21:07 INFO    : cos_theta_jn=Uniform(minimum=-1, maximum=1, name='cos_theta_jn', latex_label='$\\cos\\theta_{JN}$', unit=None, boundary='reflective')
21:07 INFO    : timeshift=0.0
21:07 INFO    : Ebv=0.0
21:07 INFO    : Analysis likelihood class: <class 'nmma.em.likelihood.OpticalLightCurve'>
21:07 INFO    : Analysis likelihood noise evidence: 0.0
21:07 INFO    : Analysis priors:
21:07 INFO    : luminosity_distance=Uniform(minimum=0.0, maximum=800.0, name='luminosity_distance', latex_label='$d_L$', unit=None, boundary=None)
21:07 INFO    : inclination_EM=Uniform(minimum=0.0, maximum=1.5707963267948966, name='inclination_EM', latex_label='$\\iota$', unit=None, boundary=None)
21:07 INFO    : log10_mej_dyn=Uniform(minimum=-3, maximum=-1.7, name='log10_mej_dyn', latex_label='$\\log_{10}M^{\\rm{dyn}}_{\\rm{ej}}$', unit=None, boundary=None)
21:07 INFO    : vej_dyn=Uniform(minimum=0.12, maximum=0.25, name='vej_dyn', latex_label='$V^{\\rm{dyn}}_{\\rm{ej}}$', unit=None, boundary=None)
21:07 INFO    : Yedyn=Uniform(minimum=0.15, maximum=0.3, name='Yedyn', latex_label='$Y_{\\rm{e}}$', unit=None, boundary=None)
21:07 INFO    : log10_mej_wind=Uniform(minimum=-2, maximum=-0.89, name='log10_mej_wind', latex_label='$\\log_{10}M^{\\rm{wind}}_{\\rm{ej}}$', unit=None, boundary=None)
21:07 INFO    : vej_wind=Uniform(minimum=0.03, maximum=0.15, name='vej_wind', latex_label='$V^{\\rm{wind}}_{\\rm{ej}}$', unit=None, boundary=None)
21:07 INFO    : alpha=Gaussian(mu=0.0, sigma=0.004, name='alpha', latex_label='$\\alpha$', unit=None, boundary=None)
21:07 INFO    : ratio_zeta=Uniform(minimum=0.1, maximum=0.5, name='ratio_zeta', latex_label='$\\zeta$', unit=None, boundary=None)
21:07 INFO    : ratio_epsilon=Uniform(minimum=0.0, maximum=1.0, name='ratio_epsilon', latex_label='$\\varepsilon$', unit=None, boundary=None)
21:07 INFO    : cos_theta_jn=Uniform(minimum=-1, maximum=1, name='cos_theta_jn', latex_label='$\\cos\\theta_{JN}$', unit=None, boundary='reflective')
21:07 INFO    : timeshift=0.0
21:07 INFO    : Ebv=0.0
21:07 INFO    : Analysis likelihood class: <class 'nmma.em.likelihood.OpticalLightCurve'>
21:07 INFO    : Analysis likelihood noise evidence: 0.0
21:07 INFO    : Analysis priors:
21:07 INFO    : luminosity_distance=Uniform(minimum=0.0, maximum=800.0, name='luminosity_distance', latex_label='$d_L$', unit=None, boundary=None)
21:07 INFO    : inclination_EM=Uniform(minimum=0.0, maximum=1.5707963267948966, name='inclination_EM', latex_label='$\\iota$', unit=None, boundary=None)
21:07 INFO    : log10_mej_dyn=Uniform(minimum=-3, maximum=-1.7, name='log10_mej_dyn', latex_label='$\\log_{10}M^{\\rm{dyn}}_{\\rm{ej}}$', unit=None, boundary=None)
21:07 INFO    : vej_dyn=Uniform(minimum=0.12, maximum=0.25, name='vej_dyn', latex_label='$V^{\\rm{dyn}}_{\\rm{ej}}$', unit=None, boundary=None)
21:07 INFO    : Yedyn=Uniform(minimum=0.15, maximum=0.3, name='Yedyn', latex_label='$Y_{\\rm{e}}$', unit=None, boundary=None)
21:07 INFO    : log10_mej_wind=Uniform(minimum=-2, maximum=-0.89, name='log10_mej_wind', latex_label='$\\log_{10}M^{\\rm{wind}}_{\\rm{ej}}$', unit=None, boundary=None)
21:07 INFO    : vej_wind=Uniform(minimum=0.03, maximum=0.15, name='vej_wind', latex_label='$V^{\\rm{wind}}_{\\rm{ej}}$', unit=None, boundary=None)
21:07 INFO    : alpha=Gaussian(mu=0.0, sigma=0.004, name='alpha', latex_label='$\\alpha$', unit=None, boundary=None)
21:07 INFO    : ratio_zeta=Uniform(minimum=0.1, maximum=0.5, name='ratio_zeta', latex_label='$\\zeta$', unit=None, boundary=None)
21:07 INFO    : ratio_epsilon=Uniform(minimum=0.0, maximum=1.0, name='ratio_epsilon', latex_label='$\\varepsilon$', unit=None, boundary=None)
21:07 INFO    : cos_theta_jn=Uniform(minimum=-1, maximum=1, name='cos_theta_jn', latex_label='$\\cos\\theta_{JN}$', unit=None, boundary='reflective')
21:07 INFO    : timeshift=0.0
21:07 INFO    : Ebv=0.0
21:07 INFO    : Analysis likelihood class: <class 'nmma.em.likelihood.OpticalLightCurve'>
21:07 INFO    : Analysis likelihood noise evidence: 0.0
21:07 INFO    : Analysis priors:
21:07 INFO    : luminosity_distance=Uniform(minimum=0.0, maximum=800.0, name='luminosity_distance', latex_label='$d_L$', unit=None, boundary=None)
21:07 INFO    : inclination_EM=Uniform(minimum=0.0, maximum=1.5707963267948966, name='inclination_EM', latex_label='$\\iota$', unit=None, boundary=None)
21:07 INFO    : log10_mej_dyn=Uniform(minimum=-3, maximum=-1.7, name='log10_mej_dyn', latex_label='$\\log_{10}M^{\\rm{dyn}}_{\\rm{ej}}$', unit=None, boundary=None)
21:07 INFO    : vej_dyn=Uniform(minimum=0.12, maximum=0.25, name='vej_dyn', latex_label='$V^{\\rm{dyn}}_{\\rm{ej}}$', unit=None, boundary=None)
21:07 INFO    : Yedyn=Uniform(minimum=0.15, maximum=0.3, name='Yedyn', latex_label='$Y_{\\rm{e}}$', unit=None, boundary=None)
21:07 INFO    : log10_mej_wind=Uniform(minimum=-2, maximum=-0.89, name='log10_mej_wind', latex_label='$\\log_{10}M^{\\rm{wind}}_{\\rm{ej}}$', unit=None, boundary=None)
21:07 INFO    : vej_wind=Uniform(minimum=0.03, maximum=0.15, name='vej_wind', latex_label='$V^{\\rm{wind}}_{\\rm{ej}}$', unit=None, boundary=None)
21:07 INFO    : alpha=Gaussian(mu=0.0, sigma=0.004, name='alpha', latex_label='$\\alpha$', unit=None, boundary=None)
21:07 INFO    : ratio_zeta=Uniform(minimum=0.1, maximum=0.5, name='ratio_zeta', latex_label='$\\zeta$', unit=None, boundary=None)
21:07 INFO    : ratio_epsilon=Uniform(minimum=0.0, maximum=1.0, name='ratio_epsilon', latex_label='$\\varepsilon$', unit=None, boundary=None)
21:07 INFO    : cos_theta_jn=Uniform(minimum=-1, maximum=1, name='cos_theta_jn', latex_label='$\\cos\\theta_{JN}$', unit=None, boundary='reflective')
21:07 INFO    : timeshift=0.0
21:07 INFO    : Ebv=0.0
21:07 INFO    : Analysis likelihood class: <class 'nmma.em.likelihood.OpticalLightCurve'>
21:07 INFO    : Analysis likelihood noise evidence: 0.0
21:07 INFO    : Analysis priors:
21:07 INFO    : luminosity_distance=Uniform(minimum=0.0, maximum=800.0, name='luminosity_distance', latex_label='$d_L$', unit=None, boundary=None)
21:07 INFO    : inclination_EM=Uniform(minimum=0.0, maximum=1.5707963267948966, name='inclination_EM', latex_label='$\\iota$', unit=None, boundary=None)
21:07 INFO    : log10_mej_dyn=Uniform(minimum=-3, maximum=-1.7, name='log10_mej_dyn', latex_label='$\\log_{10}M^{\\rm{dyn}}_{\\rm{ej}}$', unit=None, boundary=None)
21:07 INFO    : vej_dyn=Uniform(minimum=0.12, maximum=0.25, name='vej_dyn', latex_label='$V^{\\rm{dyn}}_{\\rm{ej}}$', unit=None, boundary=None)
21:07 INFO    : Yedyn=Uniform(minimum=0.15, maximum=0.3, name='Yedyn', latex_label='$Y_{\\rm{e}}$', unit=None, boundary=None)
21:07 INFO    : log10_mej_wind=Uniform(minimum=-2, maximum=-0.89, name='log10_mej_wind', latex_label='$\\log_{10}M^{\\rm{wind}}_{\\rm{ej}}$', unit=None, boundary=None)
21:07 INFO    : vej_wind=Uniform(minimum=0.03, maximum=0.15, name='vej_wind', latex_label='$V^{\\rm{wind}}_{\\rm{ej}}$', unit=None, boundary=None)
21:07 INFO    : alpha=Gaussian(mu=0.0, sigma=0.004, name='alpha', latex_label='$\\alpha$', unit=None, boundary=None)
21:07 INFO    : ratio_zeta=Uniform(minimum=0.1, maximum=0.5, name='ratio_zeta', latex_label='$\\zeta$', unit=None, boundary=None)
21:07 INFO    : ratio_epsilon=Uniform(minimum=0.0, maximum=1.0, name='ratio_epsilon', latex_label='$\\varepsilon$', unit=None, boundary=None)
21:07 INFO    : cos_theta_jn=Uniform(minimum=-1, maximum=1, name='cos_theta_jn', latex_label='$\\cos\\theta_{JN}$', unit=None, boundary='reflective')
21:07 INFO    : timeshift=0.0
21:07 INFO    : Ebv=0.0
21:07 INFO    : Analysis likelihood class: <class 'nmma.em.likelihood.OpticalLightCurve'>
21:07 INFO    : Analysis likelihood noise evidence: 0.0
21:07 INFO    : Analysis priors:
21:07 INFO    : luminosity_distance=Uniform(minimum=0.0, maximum=800.0, name='luminosity_distance', latex_label='$d_L$', unit=None, boundary=None)
21:07 INFO    : inclination_EM=Uniform(minimum=0.0, maximum=1.5707963267948966, name='inclination_EM', latex_label='$\\iota$', unit=None, boundary=None)
21:07 INFO    : log10_mej_dyn=Uniform(minimum=-3, maximum=-1.7, name='log10_mej_dyn', latex_label='$\\log_{10}M^{\\rm{dyn}}_{\\rm{ej}}$', unit=None, boundary=None)
21:07 INFO    : vej_dyn=Uniform(minimum=0.12, maximum=0.25, name='vej_dyn', latex_label='$V^{\\rm{dyn}}_{\\rm{ej}}$', unit=None, boundary=None)
21:07 INFO    : Yedyn=Uniform(minimum=0.15, maximum=0.3, name='Yedyn', latex_label='$Y_{\\rm{e}}$', unit=None, boundary=None)
21:07 INFO    : log10_mej_wind=Uniform(minimum=-2, maximum=-0.89, name='log10_mej_wind', latex_label='$\\log_{10}M^{\\rm{wind}}_{\\rm{ej}}$', unit=None, boundary=None)
21:07 INFO    : vej_wind=Uniform(minimum=0.03, maximum=0.15, name='vej_wind', latex_label='$V^{\\rm{wind}}_{\\rm{ej}}$', unit=None, boundary=None)
21:07 INFO    : alpha=Gaussian(mu=0.0, sigma=0.004, name='alpha', latex_label='$\\alpha$', unit=None, boundary=None)
21:07 INFO    : ratio_zeta=Uniform(minimum=0.1, maximum=0.5, name='ratio_zeta', latex_label='$\\zeta$', unit=None, boundary=None)
21:07 INFO    : ratio_epsilon=Uniform(minimum=0.0, maximum=1.0, name='ratio_epsilon', latex_label='$\\varepsilon$', unit=None, boundary=None)
21:07 INFO    : cos_theta_jn=Uniform(minimum=-1, maximum=1, name='cos_theta_jn', latex_label='$\\cos\\theta_{JN}$', unit=None, boundary='reflective')
21:07 INFO    : timeshift=0.0
21:07 INFO    : Ebv=0.0
21:07 INFO    : Analysis likelihood class: <class 'nmma.em.likelihood.OpticalLightCurve'>
21:07 INFO    : Analysis likelihood noise evidence: 0.0
21:07 INFO    : Analysis priors:
21:07 INFO    : luminosity_distance=Uniform(minimum=0.0, maximum=800.0, name='luminosity_distance', latex_label='$d_L$', unit=None, boundary=None)
21:07 INFO    : inclination_EM=Uniform(minimum=0.0, maximum=1.5707963267948966, name='inclination_EM', latex_label='$\\iota$', unit=None, boundary=None)
21:07 INFO    : log10_mej_dyn=Uniform(minimum=-3, maximum=-1.7, name='log10_mej_dyn', latex_label='$\\log_{10}M^{\\rm{dyn}}_{\\rm{ej}}$', unit=None, boundary=None)
21:07 INFO    : vej_dyn=Uniform(minimum=0.12, maximum=0.25, name='vej_dyn', latex_label='$V^{\\rm{dyn}}_{\\rm{ej}}$', unit=None, boundary=None)
21:07 INFO    : Yedyn=Uniform(minimum=0.15, maximum=0.3, name='Yedyn', latex_label='$Y_{\\rm{e}}$', unit=None, boundary=None)
21:07 INFO    : log10_mej_wind=Uniform(minimum=-2, maximum=-0.89, name='log10_mej_wind', latex_label='$\\log_{10}M^{\\rm{wind}}_{\\rm{ej}}$', unit=None, boundary=None)
21:07 INFO    : vej_wind=Uniform(minimum=0.03, maximum=0.15, name='vej_wind', latex_label='$V^{\\rm{wind}}_{\\rm{ej}}$', unit=None, boundary=None)
21:07 INFO    : alpha=Gaussian(mu=0.0, sigma=0.004, name='alpha', latex_label='$\\alpha$', unit=None, boundary=None)
21:07 INFO    : ratio_zeta=Uniform(minimum=0.1, maximum=0.5, name='ratio_zeta', latex_label='$\\zeta$', unit=None, boundary=None)
21:07 INFO    : ratio_epsilon=Uniform(minimum=0.0, maximum=1.0, name='ratio_epsilon', latex_label='$\\varepsilon$', unit=None, boundary=None)
21:07 INFO    : cos_theta_jn=Uniform(minimum=-1, maximum=1, name='cos_theta_jn', latex_label='$\\cos\\theta_{JN}$', unit=None, boundary='reflective')
21:07 INFO    : timeshift=0.0
21:07 INFO    : Ebv=0.0
21:07 INFO    : Analysis likelihood class: <class 'nmma.em.likelihood.OpticalLightCurve'>
21:07 INFO    : Analysis likelihood noise evidence: 0.0
21:07 INFO    : Analysis priors:
21:07 INFO    : luminosity_distance=Uniform(minimum=0.0, maximum=800.0, name='luminosity_distance', latex_label='$d_L$', unit=None, boundary=None)
21:07 INFO    : inclination_EM=Uniform(minimum=0.0, maximum=1.5707963267948966, name='inclination_EM', latex_label='$\\iota$', unit=None, boundary=None)
21:07 INFO    : log10_mej_dyn=Uniform(minimum=-3, maximum=-1.7, name='log10_mej_dyn', latex_label='$\\log_{10}M^{\\rm{dyn}}_{\\rm{ej}}$', unit=None, boundary=None)
21:07 INFO    : vej_dyn=Uniform(minimum=0.12, maximum=0.25, name='vej_dyn', latex_label='$V^{\\rm{dyn}}_{\\rm{ej}}$', unit=None, boundary=None)
21:07 INFO    : Yedyn=Uniform(minimum=0.15, maximum=0.3, name='Yedyn', latex_label='$Y_{\\rm{e}}$', unit=None, boundary=None)
21:07 INFO    : log10_mej_wind=Uniform(minimum=-2, maximum=-0.89, name='log10_mej_wind', latex_label='$\\log_{10}M^{\\rm{wind}}_{\\rm{ej}}$', unit=None, boundary=None)
21:07 INFO    : vej_wind=Uniform(minimum=0.03, maximum=0.15, name='vej_wind', latex_label='$V^{\\rm{wind}}_{\\rm{ej}}$', unit=None, boundary=None)
21:07 INFO    : alpha=Gaussian(mu=0.0, sigma=0.004, name='alpha', latex_label='$\\alpha$', unit=None, boundary=None)
21:07 INFO    : ratio_zeta=Uniform(minimum=0.1, maximum=0.5, name='ratio_zeta', latex_label='$\\zeta$', unit=None, boundary=None)
21:07 INFO    : ratio_epsilon=Uniform(minimum=0.0, maximum=1.0, name='ratio_epsilon', latex_label='$\\varepsilon$', unit=None, boundary=None)
21:07 INFO    : cos_theta_jn=Uniform(minimum=-1, maximum=1, name='cos_theta_jn', latex_label='$\\cos\\theta_{JN}$', unit=None, boundary='reflective')
21:07 INFO    : timeshift=0.0
21:07 INFO    : Ebv=0.0
21:07 INFO    : Analysis likelihood class: <class 'nmma.em.likelihood.OpticalLightCurve'>
21:07 INFO    : Analysis likelihood noise evidence: 0.0
21:07 INFO    : Analysis priors:
21:07 INFO    : luminosity_distance=Uniform(minimum=0.0, maximum=800.0, name='luminosity_distance', latex_label='$d_L$', unit=None, boundary=None)
21:07 INFO    : inclination_EM=Uniform(minimum=0.0, maximum=1.5707963267948966, name='inclination_EM', latex_label='$\\iota$', unit=None, boundary=None)
21:07 INFO    : log10_mej_dyn=Uniform(minimum=-3, maximum=-1.7, name='log10_mej_dyn', latex_label='$\\log_{10}M^{\\rm{dyn}}_{\\rm{ej}}$', unit=None, boundary=None)
21:07 INFO    : vej_dyn=Uniform(minimum=0.12, maximum=0.25, name='vej_dyn', latex_label='$V^{\\rm{dyn}}_{\\rm{ej}}$', unit=None, boundary=None)
21:07 INFO    : Yedyn=Uniform(minimum=0.15, maximum=0.3, name='Yedyn', latex_label='$Y_{\\rm{e}}$', unit=None, boundary=None)
21:07 INFO    : log10_mej_wind=Uniform(minimum=-2, maximum=-0.89, name='log10_mej_wind', latex_label='$\\log_{10}M^{\\rm{wind}}_{\\rm{ej}}$', unit=None, boundary=None)
21:07 INFO    : vej_wind=Uniform(minimum=0.03, maximum=0.15, name='vej_wind', latex_label='$V^{\\rm{wind}}_{\\rm{ej}}$', unit=None, boundary=None)
21:07 INFO    : alpha=Gaussian(mu=0.0, sigma=0.004, name='alpha', latex_label='$\\alpha$', unit=None, boundary=None)
21:07 INFO    : ratio_zeta=Uniform(minimum=0.1, maximum=0.5, name='ratio_zeta', latex_label='$\\zeta$', unit=None, boundary=None)
21:07 INFO    : ratio_epsilon=Uniform(minimum=0.0, maximum=1.0, name='ratio_epsilon', latex_label='$\\varepsilon$', unit=None, boundary=None)
21:07 INFO    : cos_theta_jn=Uniform(minimum=-1, maximum=1, name='cos_theta_jn', latex_label='$\\cos\\theta_{JN}$', unit=None, boundary='reflective')
21:07 INFO    : timeshift=0.0
21:07 INFO    : Ebv=0.0
21:07 INFO    : Analysis likelihood class: <class 'nmma.em.likelihood.OpticalLightCurve'>
21:07 INFO    : Analysis likelihood noise evidence: 0.0
21:07 INFO    : Analysis priors:
21:07 INFO    : luminosity_distance=Uniform(minimum=0.0, maximum=800.0, name='luminosity_distance', latex_label='$d_L$', unit=None, boundary=None)
21:07 INFO    : inclination_EM=Uniform(minimum=0.0, maximum=1.5707963267948966, name='inclination_EM', latex_label='$\\iota$', unit=None, boundary=None)
21:07 INFO    : log10_mej_dyn=Uniform(minimum=-3, maximum=-1.7, name='log10_mej_dyn', latex_label='$\\log_{10}M^{\\rm{dyn}}_{\\rm{ej}}$', unit=None, boundary=None)
21:07 INFO    : vej_dyn=Uniform(minimum=0.12, maximum=0.25, name='vej_dyn', latex_label='$V^{\\rm{dyn}}_{\\rm{ej}}$', unit=None, boundary=None)
21:07 INFO    : Yedyn=Uniform(minimum=0.15, maximum=0.3, name='Yedyn', latex_label='$Y_{\\rm{e}}$', unit=None, boundary=None)
21:07 INFO    : log10_mej_wind=Uniform(minimum=-2, maximum=-0.89, name='log10_mej_wind', latex_label='$\\log_{10}M^{\\rm{wind}}_{\\rm{ej}}$', unit=None, boundary=None)
21:07 INFO    : vej_wind=Uniform(minimum=0.03, maximum=0.15, name='vej_wind', latex_label='$V^{\\rm{wind}}_{\\rm{ej}}$', unit=None, boundary=None)
21:07 INFO    : alpha=Gaussian(mu=0.0, sigma=0.004, name='alpha', latex_label='$\\alpha$', unit=None, boundary=None)
21:07 INFO    : ratio_zeta=Uniform(minimum=0.1, maximum=0.5, name='ratio_zeta', latex_label='$\\zeta$', unit=None, boundary=None)
21:07 INFO    : ratio_epsilon=Uniform(minimum=0.0, maximum=1.0, name='ratio_epsilon', latex_label='$\\varepsilon$', unit=None, boundary=None)
21:07 INFO    : cos_theta_jn=Uniform(minimum=-1, maximum=1, name='cos_theta_jn', latex_label='$\\cos\\theta_{JN}$', unit=None, boundary='reflective')
21:07 INFO    : timeshift=0.0
21:07 INFO    : Ebv=0.0
21:07 INFO    : Analysis likelihood class: <class 'nmma.em.likelihood.OpticalLightCurve'>
21:07 INFO    : Analysis likelihood noise evidence: 0.0
21:07 INFO    : Analysis priors:
21:07 INFO    : luminosity_distance=Uniform(minimum=0.0, maximum=800.0, name='luminosity_distance', latex_label='$d_L$', unit=None, boundary=None)
21:07 INFO    : inclination_EM=Uniform(minimum=0.0, maximum=1.5707963267948966, name='inclination_EM', latex_label='$\\iota$', unit=None, boundary=None)
21:07 INFO    : log10_mej_dyn=Uniform(minimum=-3, maximum=-1.7, name='log10_mej_dyn', latex_label='$\\log_{10}M^{\\rm{dyn}}_{\\rm{ej}}$', unit=None, boundary=None)
21:07 INFO    : vej_dyn=Uniform(minimum=0.12, maximum=0.25, name='vej_dyn', latex_label='$V^{\\rm{dyn}}_{\\rm{ej}}$', unit=None, boundary=None)
21:07 INFO    : Yedyn=Uniform(minimum=0.15, maximum=0.3, name='Yedyn', latex_label='$Y_{\\rm{e}}$', unit=None, boundary=None)
21:07 INFO    : log10_mej_wind=Uniform(minimum=-2, maximum=-0.89, name='log10_mej_wind', latex_label='$\\log_{10}M^{\\rm{wind}}_{\\rm{ej}}$', unit=None, boundary=None)
21:07 INFO    : vej_wind=Uniform(minimum=0.03, maximum=0.15, name='vej_wind', latex_label='$V^{\\rm{wind}}_{\\rm{ej}}$', unit=None, boundary=None)
21:07 INFO    : alpha=Gaussian(mu=0.0, sigma=0.004, name='alpha', latex_label='$\\alpha$', unit=None, boundary=None)
21:07 INFO    : ratio_zeta=Uniform(minimum=0.1, maximum=0.5, name='ratio_zeta', latex_label='$\\zeta$', unit=None, boundary=None)
21:07 INFO    : ratio_epsilon=Uniform(minimum=0.0, maximum=1.0, name='ratio_epsilon', latex_label='$\\varepsilon$', unit=None, boundary=None)
21:07 INFO    : cos_theta_jn=Uniform(minimum=-1, maximum=1, name='cos_theta_jn', latex_label='$\\cos\\theta_{JN}$', unit=None, boundary='reflective')
21:07 INFO    : timeshift=0.0
21:07 INFO    : Ebv=0.0
21:07 INFO    : Analysis likelihood class: <class 'nmma.em.likelihood.OpticalLightCurve'>
21:07 INFO    : Analysis likelihood noise evidence: 0.0
21:07 INFO    : Single likelihood evaluation took nan s
21:07 WARNING : Supplied argument 'queue_size' not an argument of 'Pymultinest', removing.
21:07 WARNING : Supplied argument 'check_point_delta_t' not an argument of 'Pymultinest', removing.
21:07 INFO    : Using sampler Pymultinest with kwargs {'importance_nested_sampling': False, 'resume': True, 'verbose': True, 'sampling_efficiency': 'parameter', 'n_live_points': 2048, 'n_params': 11, 'n_clustering_params': None, 'wrapped_params': None, 'multimodal': True, 'const_efficiency_mode': False, 'evidence_tolerance': 0.5, 'n_iter_before_update': 100, 'null_log_evidence': -1e+90, 'max_modes': 100, 'mode_tolerance': -1e+90, 'seed': 42, 'context': 0, 'write_output': True, 'log_zero': -1e+100, 'max_iter': 0, 'init_MPI': False, 'dump_callback': <bound method Pymultinest._dump_callback of <bilby.core.sampler.pymultinest.Pymultinest object at 0x7f37801bbeb0>>}
21:07 INFO    : Temporary directory incompatible with MPI, will run in original directory
21:07 INFO    : Using output file ./outdir/BNS/3/pm_injection_Bu2022Ye_3/
21:07 INFO    : Analysis priors:
21:07 INFO    : luminosity_distance=Uniform(minimum=0.0, maximum=800.0, name='luminosity_distance', latex_label='$d_L$', unit=None, boundary=None)
21:07 INFO    : inclination_EM=Uniform(minimum=0.0, maximum=1.5707963267948966, name='inclination_EM', latex_label='$\\iota$', unit=None, boundary=None)
21:07 INFO    : log10_mej_dyn=Uniform(minimum=-3, maximum=-1.7, name='log10_mej_dyn', latex_label='$\\log_{10}M^{\\rm{dyn}}_{\\rm{ej}}$', unit=None, boundary=None)
21:07 INFO    : vej_dyn=Uniform(minimum=0.12, maximum=0.25, name='vej_dyn', latex_label='$V^{\\rm{dyn}}_{\\rm{ej}}$', unit=None, boundary=None)
21:07 INFO    : Yedyn=Uniform(minimum=0.15, maximum=0.3, name='Yedyn', latex_label='$Y_{\\rm{e}}$', unit=None, boundary=None)
21:07 INFO    : log10_mej_wind=Uniform(minimum=-2, maximum=-0.89, name='log10_mej_wind', latex_label='$\\log_{10}M^{\\rm{wind}}_{\\rm{ej}}$', unit=None, boundary=None)
21:07 INFO    : vej_wind=Uniform(minimum=0.03, maximum=0.15, name='vej_wind', latex_label='$V^{\\rm{wind}}_{\\rm{ej}}$', unit=None, boundary=None)
21:07 INFO    : alpha=Gaussian(mu=0.0, sigma=0.004, name='alpha', latex_label='$\\alpha$', unit=None, boundary=None)
21:07 INFO    : ratio_zeta=Uniform(minimum=0.1, maximum=0.5, name='ratio_zeta', latex_label='$\\zeta$', unit=None, boundary=None)
21:07 INFO    : ratio_epsilon=Uniform(minimum=0.0, maximum=1.0, name='ratio_epsilon', latex_label='$\\varepsilon$', unit=None, boundary=None)
21:07 INFO    : cos_theta_jn=Uniform(minimum=-1, maximum=1, name='cos_theta_jn', latex_label='$\\cos\\theta_{JN}$', unit=None, boundary='reflective')
21:07 INFO    : timeshift=0.0
21:07 INFO    : Ebv=0.0
21:07 INFO    : Analysis likelihood class: <class 'nmma.em.likelihood.OpticalLightCurve'>
21:07 INFO    : Analysis likelihood noise evidence: 0.0
21:07 INFO    : Analysis priors:
21:07 INFO    : luminosity_distance=Uniform(minimum=0.0, maximum=800.0, name='luminosity_distance', latex_label='$d_L$', unit=None, boundary=None)
21:07 INFO    : inclination_EM=Uniform(minimum=0.0, maximum=1.5707963267948966, name='inclination_EM', latex_label='$\\iota$', unit=None, boundary=None)
21:07 INFO    : log10_mej_dyn=Uniform(minimum=-3, maximum=-1.7, name='log10_mej_dyn', latex_label='$\\log_{10}M^{\\rm{dyn}}_{\\rm{ej}}$', unit=None, boundary=None)
21:07 INFO    : vej_dyn=Uniform(minimum=0.12, maximum=0.25, name='vej_dyn', latex_label='$V^{\\rm{dyn}}_{\\rm{ej}}$', unit=None, boundary=None)
21:07 INFO    : Yedyn=Uniform(minimum=0.15, maximum=0.3, name='Yedyn', latex_label='$Y_{\\rm{e}}$', unit=None, boundary=None)
21:07 INFO    : log10_mej_wind=Uniform(minimum=-2, maximum=-0.89, name='log10_mej_wind', latex_label='$\\log_{10}M^{\\rm{wind}}_{\\rm{ej}}$', unit=None, boundary=None)
21:07 INFO    : vej_wind=Uniform(minimum=0.03, maximum=0.15, name='vej_wind', latex_label='$V^{\\rm{wind}}_{\\rm{ej}}$', unit=None, boundary=None)
21:07 INFO    : alpha=Gaussian(mu=0.0, sigma=0.004, name='alpha', latex_label='$\\alpha$', unit=None, boundary=None)
21:07 INFO    : ratio_zeta=Uniform(minimum=0.1, maximum=0.5, name='ratio_zeta', latex_label='$\\zeta$', unit=None, boundary=None)
21:07 INFO    : ratio_epsilon=Uniform(minimum=0.0, maximum=1.0, name='ratio_epsilon', latex_label='$\\varepsilon$', unit=None, boundary=None)
21:07 INFO    : cos_theta_jn=Uniform(minimum=-1, maximum=1, name='cos_theta_jn', latex_label='$\\cos\\theta_{JN}$', unit=None, boundary='reflective')
21:07 INFO    : timeshift=0.0
21:07 INFO    : Ebv=0.0
21:07 INFO    : Analysis likelihood class: <class 'nmma.em.likelihood.OpticalLightCurve'>
21:07 INFO    : Analysis likelihood noise evidence: 0.0
21:07 INFO    : Analysis priors:
21:07 INFO    : luminosity_distance=Uniform(minimum=0.0, maximum=800.0, name='luminosity_distance', latex_label='$d_L$', unit=None, boundary=None)
21:07 INFO    : inclination_EM=Uniform(minimum=0.0, maximum=1.5707963267948966, name='inclination_EM', latex_label='$\\iota$', unit=None, boundary=None)
21:07 INFO    : log10_mej_dyn=Uniform(minimum=-3, maximum=-1.7, name='log10_mej_dyn', latex_label='$\\log_{10}M^{\\rm{dyn}}_{\\rm{ej}}$', unit=None, boundary=None)
21:07 INFO    : vej_dyn=Uniform(minimum=0.12, maximum=0.25, name='vej_dyn', latex_label='$V^{\\rm{dyn}}_{\\rm{ej}}$', unit=None, boundary=None)
21:07 INFO    : Yedyn=Uniform(minimum=0.15, maximum=0.3, name='Yedyn', latex_label='$Y_{\\rm{e}}$', unit=None, boundary=None)
21:07 INFO    : log10_mej_wind=Uniform(minimum=-2, maximum=-0.89, name='log10_mej_wind', latex_label='$\\log_{10}M^{\\rm{wind}}_{\\rm{ej}}$', unit=None, boundary=None)
21:07 INFO    : vej_wind=Uniform(minimum=0.03, maximum=0.15, name='vej_wind', latex_label='$V^{\\rm{wind}}_{\\rm{ej}}$', unit=None, boundary=None)
21:07 INFO    : alpha=Gaussian(mu=0.0, sigma=0.004, name='alpha', latex_label='$\\alpha$', unit=None, boundary=None)
21:07 INFO    : ratio_zeta=Uniform(minimum=0.1, maximum=0.5, name='ratio_zeta', latex_label='$\\zeta$', unit=None, boundary=None)
21:07 INFO    : ratio_epsilon=Uniform(minimum=0.0, maximum=1.0, name='ratio_epsilon', latex_label='$\\varepsilon$', unit=None, boundary=None)
21:07 INFO    : cos_theta_jn=Uniform(minimum=-1, maximum=1, name='cos_theta_jn', latex_label='$\\cos\\theta_{JN}$', unit=None, boundary='reflective')
21:07 INFO    : timeshift=0.0
21:07 INFO    : Ebv=0.0
21:07 INFO    : Analysis likelihood class: <class 'nmma.em.likelihood.OpticalLightCurve'>
21:07 INFO    : Analysis likelihood noise evidence: 0.0
21:07 INFO    : Single likelihood evaluation took nan s
21:07 WARNING : Supplied argument 'queue_size' not an argument of 'Pymultinest', removing.
21:07 WARNING : Supplied argument 'check_point_delta_t' not an argument of 'Pymultinest', removing.
21:07 INFO    : Using sampler Pymultinest with kwargs {'importance_nested_sampling': False, 'resume': True, 'verbose': True, 'sampling_efficiency': 'parameter', 'n_live_points': 2048, 'n_params': 11, 'n_clustering_params': None, 'wrapped_params': None, 'multimodal': True, 'const_efficiency_mode': False, 'evidence_tolerance': 0.5, 'n_iter_before_update': 100, 'null_log_evidence': -1e+90, 'max_modes': 100, 'mode_tolerance': -1e+90, 'seed': 42, 'context': 0, 'write_output': True, 'log_zero': -1e+100, 'max_iter': 0, 'init_MPI': False, 'dump_callback': <bound method Pymultinest._dump_callback of <bilby.core.sampler.pymultinest.Pymultinest object at 0x7facdc79feb0>>}
21:07 INFO    : Temporary directory incompatible with MPI, will run in original directory
21:07 INFO    : Using output file ./outdir/BNS/3/pm_injection_Bu2022Ye_3/
21:07 INFO    : Single likelihood evaluation took nan s
21:07 INFO    : Single likelihood evaluation took nan s
21:07 WARNING : Supplied argument 'queue_size' not an argument of 'Pymultinest', removing.
21:07 WARNING : Supplied argument 'check_point_delta_t' not an argument of 'Pymultinest', removing.
21:07 INFO    : Using sampler Pymultinest with kwargs {'importance_nested_sampling': False, 'resume': True, 'verbose': True, 'sampling_efficiency': 'parameter', 'n_live_points': 2048, 'n_params': 11, 'n_clustering_params': None, 'wrapped_params': None, 'multimodal': True, 'const_efficiency_mode': False, 'evidence_tolerance': 0.5, 'n_iter_before_update': 100, 'null_log_evidence': -1e+90, 'max_modes': 100, 'mode_tolerance': -1e+90, 'seed': 42, 'context': 0, 'write_output': True, 'log_zero': -1e+100, 'max_iter': 0, 'init_MPI': False, 'dump_callback': <bound method Pymultinest._dump_callback of <bilby.core.sampler.pymultinest.Pymultinest object at 0x7f24e43924d0>>}
21:07 INFO    : Temporary directory incompatible with MPI, will run in original directory
21:07 INFO    : Using output file ./outdir/BNS/3/pm_injection_Bu2022Ye_3/
21:07 WARNING : Supplied argument 'queue_size' not an argument of 'Pymultinest', removing.
21:07 WARNING : Supplied argument 'check_point_delta_t' not an argument of 'Pymultinest', removing.
21:07 INFO    : Using sampler Pymultinest with kwargs {'importance_nested_sampling': False, 'resume': True, 'verbose': True, 'sampling_efficiency': 'parameter', 'n_live_points': 2048, 'n_params': 11, 'n_clustering_params': None, 'wrapped_params': None, 'multimodal': True, 'const_efficiency_mode': False, 'evidence_tolerance': 0.5, 'n_iter_before_update': 100, 'null_log_evidence': -1e+90, 'max_modes': 100, 'mode_tolerance': -1e+90, 'seed': 42, 'context': 0, 'write_output': True, 'log_zero': -1e+100, 'max_iter': 0, 'init_MPI': False, 'dump_callback': <bound method Pymultinest._dump_callback of <bilby.core.sampler.pymultinest.Pymultinest object at 0x7f58f03964d0>>}
21:07 INFO    : Temporary directory incompatible with MPI, will run in original directory
21:07 INFO    : Using output file ./outdir/BNS/3/pm_injection_Bu2022Ye_3/
21:07 INFO    : Single likelihood evaluation took nan s
21:07 INFO    : Single likelihood evaluation took nan s
21:07 WARNING : Supplied argument 'queue_size' not an argument of 'Pymultinest', removing.
21:07 WARNING : Supplied argument 'check_point_delta_t' not an argument of 'Pymultinest', removing.
21:07 INFO    : Using sampler Pymultinest with kwargs {'importance_nested_sampling': False, 'resume': True, 'verbose': True, 'sampling_efficiency': 'parameter', 'n_live_points': 2048, 'n_params': 11, 'n_clustering_params': None, 'wrapped_params': None, 'multimodal': True, 'const_efficiency_mode': False, 'evidence_tolerance': 0.5, 'n_iter_before_update': 100, 'null_log_evidence': -1e+90, 'max_modes': 100, 'mode_tolerance': -1e+90, 'seed': 42, 'context': 0, 'write_output': True, 'log_zero': -1e+100, 'max_iter': 0, 'init_MPI': False, 'dump_callback': <bound method Pymultinest._dump_callback of <bilby.core.sampler.pymultinest.Pymultinest object at 0x7f5f205c3eb0>>}
21:07 INFO    : Temporary directory incompatible with MPI, will run in original directory
21:07 INFO    : Using output file ./outdir/BNS/3/pm_injection_Bu2022Ye_3/
21:07 WARNING : Supplied argument 'queue_size' not an argument of 'Pymultinest', removing.
21:07 WARNING : Supplied argument 'check_point_delta_t' not an argument of 'Pymultinest', removing.
21:07 INFO    : Using sampler Pymultinest with kwargs {'importance_nested_sampling': False, 'resume': True, 'verbose': True, 'sampling_efficiency': 'parameter', 'n_live_points': 2048, 'n_params': 11, 'n_clustering_params': None, 'wrapped_params': None, 'multimodal': True, 'const_efficiency_mode': False, 'evidence_tolerance': 0.5, 'n_iter_before_update': 100, 'null_log_evidence': -1e+90, 'max_modes': 100, 'mode_tolerance': -1e+90, 'seed': 42, 'context': 0, 'write_output': True, 'log_zero': -1e+100, 'max_iter': 0, 'init_MPI': False, 'dump_callback': <bound method Pymultinest._dump_callback of <bilby.core.sampler.pymultinest.Pymultinest object at 0x7f45307aa4d0>>}
21:07 INFO    : Temporary directory incompatible with MPI, will run in original directory
21:07 INFO    : Using output file ./outdir/BNS/3/pm_injection_Bu2022Ye_3/
21:07 INFO    : Single likelihood evaluation took nan s
21:07 INFO    : Single likelihood evaluation took nan s
21:07 WARNING : Supplied argument 'queue_size' not an argument of 'Pymultinest', removing.
21:07 WARNING : Supplied argument 'check_point_delta_t' not an argument of 'Pymultinest', removing.
21:07 INFO    : Using sampler Pymultinest with kwargs {'importance_nested_sampling': False, 'resume': True, 'verbose': True, 'sampling_efficiency': 'parameter', 'n_live_points': 2048, 'n_params': 11, 'n_clustering_params': None, 'wrapped_params': None, 'multimodal': True, 'const_efficiency_mode': False, 'evidence_tolerance': 0.5, 'n_iter_before_update': 100, 'null_log_evidence': -1e+90, 'max_modes': 100, 'mode_tolerance': -1e+90, 'seed': 42, 'context': 0, 'write_output': True, 'log_zero': -1e+100, 'max_iter': 0, 'init_MPI': False, 'dump_callback': <bound method Pymultinest._dump_callback of <bilby.core.sampler.pymultinest.Pymultinest object at 0x7ff41c38feb0>>}
21:07 INFO    : Temporary directory incompatible with MPI, will run in original directory
21:07 INFO    : Using output file ./outdir/BNS/3/pm_injection_Bu2022Ye_3/
21:07 INFO    : Single likelihood evaluation took nan s
21:07 WARNING : Supplied argument 'queue_size' not an argument of 'Pymultinest', removing.
21:07 WARNING : Supplied argument 'check_point_delta_t' not an argument of 'Pymultinest', removing.
21:07 INFO    : Using sampler Pymultinest with kwargs {'importance_nested_sampling': False, 'resume': True, 'verbose': True, 'sampling_efficiency': 'parameter', 'n_live_points': 2048, 'n_params': 11, 'n_clustering_params': None, 'wrapped_params': None, 'multimodal': True, 'const_efficiency_mode': False, 'evidence_tolerance': 0.5, 'n_iter_before_update': 100, 'null_log_evidence': -1e+90, 'max_modes': 100, 'mode_tolerance': -1e+90, 'seed': 42, 'context': 0, 'write_output': True, 'log_zero': -1e+100, 'max_iter': 0, 'init_MPI': False, 'dump_callback': <bound method Pymultinest._dump_callback of <bilby.core.sampler.pymultinest.Pymultinest object at 0x7fe068787eb0>>}
21:07 INFO    : Temporary directory incompatible with MPI, will run in original directory
21:07 INFO    : Using output file ./outdir/BNS/3/pm_injection_Bu2022Ye_3/
21:07 WARNING : Supplied argument 'queue_size' not an argument of 'Pymultinest', removing.
21:07 WARNING : Supplied argument 'check_point_delta_t' not an argument of 'Pymultinest', removing.
21:07 INFO    : Using sampler Pymultinest with kwargs {'importance_nested_sampling': False, 'resume': True, 'verbose': True, 'sampling_efficiency': 'parameter', 'n_live_points': 2048, 'n_params': 11, 'n_clustering_params': None, 'wrapped_params': None, 'multimodal': True, 'const_efficiency_mode': False, 'evidence_tolerance': 0.5, 'n_iter_before_update': 100, 'null_log_evidence': -1e+90, 'max_modes': 100, 'mode_tolerance': -1e+90, 'seed': 42, 'context': 0, 'write_output': True, 'log_zero': -1e+100, 'max_iter': 0, 'init_MPI': False, 'dump_callback': <bound method Pymultinest._dump_callback of <bilby.core.sampler.pymultinest.Pymultinest object at 0x7f03e82ca4d0>>}
21:07 INFO    : Temporary directory incompatible with MPI, will run in original directory
21:07 INFO    : Using output file ./outdir/BNS/3/pm_injection_Bu2022Ye_3/
21:07 INFO    : Single likelihood evaluation took nan s
21:07 WARNING : Supplied argument 'queue_size' not an argument of 'Pymultinest', removing.
21:07 WARNING : Supplied argument 'check_point_delta_t' not an argument of 'Pymultinest', removing.
21:07 INFO    : Using sampler Pymultinest with kwargs {'importance_nested_sampling': False, 'resume': True, 'verbose': True, 'sampling_efficiency': 'parameter', 'n_live_points': 2048, 'n_params': 11, 'n_clustering_params': None, 'wrapped_params': None, 'multimodal': True, 'const_efficiency_mode': False, 'evidence_tolerance': 0.5, 'n_iter_before_update': 100, 'null_log_evidence': -1e+90, 'max_modes': 100, 'mode_tolerance': -1e+90, 'seed': 42, 'context': 0, 'write_output': True, 'log_zero': -1e+100, 'max_iter': 0, 'init_MPI': False, 'dump_callback': <bound method Pymultinest._dump_callback of <bilby.core.sampler.pymultinest.Pymultinest object at 0x7f22a479feb0>>}
21:07 INFO    : Temporary directory incompatible with MPI, will run in original directory
21:07 INFO    : Using output file ./outdir/BNS/3/pm_injection_Bu2022Ye_3/
21:07 INFO    : Single likelihood evaluation took nan s
21:07 WARNING : Supplied argument 'queue_size' not an argument of 'Pymultinest', removing.
21:07 WARNING : Supplied argument 'check_point_delta_t' not an argument of 'Pymultinest', removing.
21:07 INFO    : Using sampler Pymultinest with kwargs {'importance_nested_sampling': False, 'resume': True, 'verbose': True, 'sampling_efficiency': 'parameter', 'n_live_points': 2048, 'n_params': 11, 'n_clustering_params': None, 'wrapped_params': None, 'multimodal': True, 'const_efficiency_mode': False, 'evidence_tolerance': 0.5, 'n_iter_before_update': 100, 'null_log_evidence': -1e+90, 'max_modes': 100, 'mode_tolerance': -1e+90, 'seed': 42, 'context': 0, 'write_output': True, 'log_zero': -1e+100, 'max_iter': 0, 'init_MPI': False, 'dump_callback': <bound method Pymultinest._dump_callback of <bilby.core.sampler.pymultinest.Pymultinest object at 0x7f55c07aa4d0>>}
21:07 INFO    : Temporary directory incompatible with MPI, will run in original directory
21:07 INFO    : Using output file ./outdir/BNS/3/pm_injection_Bu2022Ye_3/
21:07 INFO    : Single likelihood evaluation took nan s
21:07 INFO    : Single likelihood evaluation took nan s
21:07 WARNING : Supplied argument 'queue_size' not an argument of 'Pymultinest', removing.
21:07 WARNING : Supplied argument 'check_point_delta_t' not an argument of 'Pymultinest', removing.
21:07 INFO    : Using sampler Pymultinest with kwargs {'importance_nested_sampling': False, 'resume': True, 'verbose': True, 'sampling_efficiency': 'parameter', 'n_live_points': 2048, 'n_params': 11, 'n_clustering_params': None, 'wrapped_params': None, 'multimodal': True, 'const_efficiency_mode': False, 'evidence_tolerance': 0.5, 'n_iter_before_update': 100, 'null_log_evidence': -1e+90, 'max_modes': 100, 'mode_tolerance': -1e+90, 'seed': 42, 'context': 0, 'write_output': True, 'log_zero': -1e+100, 'max_iter': 0, 'init_MPI': False, 'dump_callback': <bound method Pymultinest._dump_callback of <bilby.core.sampler.pymultinest.Pymultinest object at 0x7fc33c1b3e80>>}
21:07 INFO    : Temporary directory incompatible with MPI, will run in original directory
21:07 INFO    : Using output file ./outdir/BNS/3/pm_injection_Bu2022Ye_3/
21:07 WARNING : Supplied argument 'queue_size' not an argument of 'Pymultinest', removing.
21:07 WARNING : Supplied argument 'check_point_delta_t' not an argument of 'Pymultinest', removing.
21:07 INFO    : Using sampler Pymultinest with kwargs {'importance_nested_sampling': False, 'resume': True, 'verbose': True, 'sampling_efficiency': 'parameter', 'n_live_points': 2048, 'n_params': 11, 'n_clustering_params': None, 'wrapped_params': None, 'multimodal': True, 'const_efficiency_mode': False, 'evidence_tolerance': 0.5, 'n_iter_before_update': 100, 'null_log_evidence': -1e+90, 'max_modes': 100, 'mode_tolerance': -1e+90, 'seed': 42, 'context': 0, 'write_output': True, 'log_zero': -1e+100, 'max_iter': 0, 'init_MPI': False, 'dump_callback': <bound method Pymultinest._dump_callback of <bilby.core.sampler.pymultinest.Pymultinest object at 0x7f9d343a7eb0>>}
21:07 INFO    : Temporary directory incompatible with MPI, will run in original directory
21:07 INFO    : Using output file ./outdir/BNS/3/pm_injection_Bu2022Ye_3/
21:07 INFO    : Single likelihood evaluation took nan s
21:07 WARNING : Supplied argument 'queue_size' not an argument of 'Pymultinest', removing.
21:07 WARNING : Supplied argument 'check_point_delta_t' not an argument of 'Pymultinest', removing.
21:07 INFO    : Using sampler Pymultinest with kwargs {'importance_nested_sampling': False, 'resume': True, 'verbose': True, 'sampling_efficiency': 'parameter', 'n_live_points': 2048, 'n_params': 11, 'n_clustering_params': None, 'wrapped_params': None, 'multimodal': True, 'const_efficiency_mode': False, 'evidence_tolerance': 0.5, 'n_iter_before_update': 100, 'null_log_evidence': -1e+90, 'max_modes': 100, 'mode_tolerance': -1e+90, 'seed': 42, 'context': 0, 'write_output': True, 'log_zero': -1e+100, 'max_iter': 0, 'init_MPI': False, 'dump_callback': <bound method Pymultinest._dump_callback of <bilby.core.sampler.pymultinest.Pymultinest object at 0x7f21cc6ee4d0>>}
21:07 INFO    : Temporary directory incompatible with MPI, will run in original directory
21:07 INFO    : Using output file ./outdir/BNS/3/pm_injection_Bu2022Ye_3/
21:07 INFO    : Single likelihood evaluation took nan s
21:07 WARNING : Supplied argument 'queue_size' not an argument of 'Pymultinest', removing.
21:07 WARNING : Supplied argument 'check_point_delta_t' not an argument of 'Pymultinest', removing.
21:07 INFO    : Using sampler Pymultinest with kwargs {'importance_nested_sampling': False, 'resume': True, 'verbose': True, 'sampling_efficiency': 'parameter', 'n_live_points': 2048, 'n_params': 11, 'n_clustering_params': None, 'wrapped_params': None, 'multimodal': True, 'const_efficiency_mode': False, 'evidence_tolerance': 0.5, 'n_iter_before_update': 100, 'null_log_evidence': -1e+90, 'max_modes': 100, 'mode_tolerance': -1e+90, 'seed': 42, 'context': 0, 'write_output': True, 'log_zero': -1e+100, 'max_iter': 0, 'init_MPI': False, 'dump_callback': <bound method Pymultinest._dump_callback of <bilby.core.sampler.pymultinest.Pymultinest object at 0x7f09f846fd30>>}
21:07 INFO    : Temporary directory incompatible with MPI, will run in original directory
21:07 INFO    : Using output file ./outdir/BNS/3/pm_injection_Bu2022Ye_3/
21:07 INFO    : Single likelihood evaluation took nan s
21:07 WARNING : Supplied argument 'queue_size' not an argument of 'Pymultinest', removing.
21:07 WARNING : Supplied argument 'check_point_delta_t' not an argument of 'Pymultinest', removing.
21:07 INFO    : Using sampler Pymultinest with kwargs {'importance_nested_sampling': False, 'resume': True, 'verbose': True, 'sampling_efficiency': 'parameter', 'n_live_points': 2048, 'n_params': 11, 'n_clustering_params': None, 'wrapped_params': None, 'multimodal': True, 'const_efficiency_mode': False, 'evidence_tolerance': 0.5, 'n_iter_before_update': 100, 'null_log_evidence': -1e+90, 'max_modes': 100, 'mode_tolerance': -1e+90, 'seed': 42, 'context': 0, 'write_output': True, 'log_zero': -1e+100, 'max_iter': 0, 'init_MPI': False, 'dump_callback': <bound method Pymultinest._dump_callback of <bilby.core.sampler.pymultinest.Pymultinest object at 0x7f5aac56eb60>>}
21:07 INFO    : Temporary directory incompatible with MPI, will run in original directory
21:07 INFO    : Using output file ./outdir/BNS/3/pm_injection_Bu2022Ye_3/
21:08 INFO    : Sampling time: 0:01:37.948997
21:08 INFO    : Sampling time: 0:01:37.366602
21:08 INFO    : Sampling time: 0:01:36.920595
21:08 INFO    : Sampling time: 0:01:36.757595
21:08 INFO    : Sampling time: 0:01:36.986452
21:08 INFO    : Sampling time: 0:01:37.367384
21:08 INFO    : Sampling time: 0:01:37.470241
21:08 INFO    : Sampling time: 0:01:37.039383
21:08 INFO    : Sampling time: 0:01:36.549438
21:08 INFO    : Sampling time: 0:01:36.339889
21:08 INFO    : Sampling time: 0:01:36.851956
21:08 INFO    : Sampling time: 0:01:36.187788
21:08 INFO    : Sampling time: 0:01:36.998189
21:08 INFO    : Sampling time: 0:01:36.750598
21:08 INFO    : Sampling time: 0:01:37.001837
21:08 INFO    : Sampling time: 0:01:37.055005
21:08 INFO    : Summary of results:
nsamples: 10559
ln_noise_evidence:  0.000
ln_evidence: -30.320 +/-  0.057
ln_bayes_factor: -30.320 +/-  0.057

21:08 INFO    : Summary of results:
nsamples: 10559
ln_noise_evidence:  0.000
ln_evidence: -30.320 +/-  0.057
ln_bayes_factor: -30.320 +/-  0.057

21:08 INFO    : Summary of results:
nsamples: 10559
ln_noise_evidence:  0.000
ln_evidence: -30.320 +/-  0.057
ln_bayes_factor: -30.320 +/-  0.057

21:08 INFO    : Summary of results:
nsamples: 10559
ln_noise_evidence:  0.000
ln_evidence: -30.320 +/-  0.057
ln_bayes_factor: -30.320 +/-  0.057

21:08 INFO    : Summary of results:
nsamples: 10559
ln_noise_evidence:  0.000
ln_evidence: -30.320 +/-  0.057
ln_bayes_factor: -30.320 +/-  0.057

21:08 INFO    : Summary of results:
nsamples: 10559
ln_noise_evidence:  0.000
ln_evidence: -30.320 +/-  0.057
ln_bayes_factor: -30.320 +/-  0.057

21:08 INFO    : Summary of results:
nsamples: 10559
ln_noise_evidence:  0.000
ln_evidence: -30.320 +/-  0.057
ln_bayes_factor: -30.320 +/-  0.057

21:08 INFO    : Summary of results:
nsamples: 10559
ln_noise_evidence:  0.000
ln_evidence: -30.320 +/-  0.057
ln_bayes_factor: -30.320 +/-  0.057

21:08 INFO    : Summary of results:
nsamples: 10559
ln_noise_evidence:  0.000
ln_evidence: -30.320 +/-  0.057
ln_bayes_factor: -30.320 +/-  0.057

21:08 INFO    : Summary of results:
nsamples: 10559
ln_noise_evidence:  0.000
ln_evidence: -30.320 +/-  0.057
ln_bayes_factor: -30.320 +/-  0.057

21:08 INFO    : Summary of results:
nsamples: 10559
ln_noise_evidence:  0.000
ln_evidence: -30.320 +/-  0.057
ln_bayes_factor: -30.320 +/-  0.057

21:08 INFO    : Summary of results:
nsamples: 10559
ln_noise_evidence:  0.000
ln_evidence: -30.320 +/-  0.057
ln_bayes_factor: -30.320 +/-  0.057

21:08 INFO    : Summary of results:
nsamples: 10559
ln_noise_evidence:  0.000
ln_evidence: -30.320 +/-  0.057
ln_bayes_factor: -30.320 +/-  0.057

21:08 INFO    : Summary of results:
nsamples: 10559
ln_noise_evidence:  0.000
ln_evidence: -30.320 +/-  0.057
ln_bayes_factor: -30.320 +/-  0.057

21:08 INFO    : Summary of results:
nsamples: 10559
ln_noise_evidence:  0.000
ln_evidence: -30.320 +/-  0.057
ln_bayes_factor: -30.320 +/-  0.057

21:08 INFO    : Summary of results:
nsamples: 10559
ln_noise_evidence:  0.000
ln_evidence: -30.320 +/-  0.057
ln_bayes_factor: -30.320 +/-  0.057

21:08 INFO    : Writing samples file to /home/urash/twouters/projects/jim_H0/KN/outdir/BNS/3/injection_Bu2022Ye_3_posterior_samples.dat
