21:03 INFO    : Running for label 'injection_Bu2022Ye_1', output will be saved to './outdir/BNS/1'
21:03 INFO    : Running for label 'injection_Bu2022Ye_1', output will be saved to './outdir/BNS/1'
21:03 INFO    : Running for label 'injection_Bu2022Ye_1', output will be saved to './outdir/BNS/1'
21:03 INFO    : Running for label 'injection_Bu2022Ye_1', output will be saved to './outdir/BNS/1'
21:03 INFO    : Running for label 'injection_Bu2022Ye_1', output will be saved to './outdir/BNS/1'
21:03 INFO    : Running for label 'injection_Bu2022Ye_1', output will be saved to './outdir/BNS/1'
21:03 INFO    : Running for label 'injection_Bu2022Ye_1', output will be saved to './outdir/BNS/1'
21:03 INFO    : Running for label 'injection_Bu2022Ye_1', output will be saved to './outdir/BNS/1'
21:03 INFO    : Running for label 'injection_Bu2022Ye_1', output will be saved to './outdir/BNS/1'
21:03 INFO    : Running for label 'injection_Bu2022Ye_1', output will be saved to './outdir/BNS/1'
21:03 INFO    : Running for label 'injection_Bu2022Ye_1', output will be saved to './outdir/BNS/1'
21:03 INFO    : Running for label 'injection_Bu2022Ye_1', output will be saved to './outdir/BNS/1'
21:03 INFO    : Running for label 'injection_Bu2022Ye_1', output will be saved to './outdir/BNS/1'
21:03 INFO    : Running for label 'injection_Bu2022Ye_1', output will be saved to './outdir/BNS/1'
21:03 INFO    : Running for label 'injection_Bu2022Ye_1', output will be saved to './outdir/BNS/1'
21:03 INFO    : Running for label 'injection_Bu2022Ye_1', output will be saved to './outdir/BNS/1'
21:04 INFO    : Analysis priors:
21:04 INFO    : luminosity_distance=Uniform(minimum=0.0, maximum=800.0, name='luminosity_distance', latex_label='$d_L$', unit=None, boundary=None)
21:04 INFO    : inclination_EM=Uniform(minimum=0.0, maximum=1.5707963267948966, name='inclination_EM', latex_label='$\\iota$', unit=None, boundary=None)
21:04 INFO    : log10_mej_dyn=Uniform(minimum=-3, maximum=-1.7, name='log10_mej_dyn', latex_label='$\\log_{10}M^{\\rm{dyn}}_{\\rm{ej}}$', unit=None, boundary=None)
21:04 INFO    : vej_dyn=Uniform(minimum=0.12, maximum=0.25, name='vej_dyn', latex_label='$V^{\\rm{dyn}}_{\\rm{ej}}$', unit=None, boundary=None)
21:04 INFO    : Yedyn=Uniform(minimum=0.15, maximum=0.3, name='Yedyn', latex_label='$Y_{\\rm{e}}$', unit=None, boundary=None)
21:04 INFO    : log10_mej_wind=Uniform(minimum=-2, maximum=-0.89, name='log10_mej_wind', latex_label='$\\log_{10}M^{\\rm{wind}}_{\\rm{ej}}$', unit=None, boundary=None)
21:04 INFO    : vej_wind=Uniform(minimum=0.03, maximum=0.15, name='vej_wind', latex_label='$V^{\\rm{wind}}_{\\rm{ej}}$', unit=None, boundary=None)
21:04 INFO    : alpha=Gaussian(mu=0.0, sigma=0.004, name='alpha', latex_label='$\\alpha$', unit=None, boundary=None)
21:04 INFO    : ratio_zeta=Uniform(minimum=0.1, maximum=0.5, name='ratio_zeta', latex_label='$\\zeta$', unit=None, boundary=None)
21:04 INFO    : ratio_epsilon=Uniform(minimum=0.0, maximum=1.0, name='ratio_epsilon', latex_label='$\\varepsilon$', unit=None, boundary=None)
21:04 INFO    : cos_theta_jn=Uniform(minimum=-1, maximum=1, name='cos_theta_jn', latex_label='$\\cos\\theta_{JN}$', unit=None, boundary='reflective')
21:04 INFO    : timeshift=0.0
21:04 INFO    : Ebv=0.0
21:04 INFO    : Analysis likelihood class: <class 'nmma.em.likelihood.OpticalLightCurve'>
21:04 INFO    : Analysis likelihood noise evidence: 0.0
21:04 INFO    : Analysis priors:
21:04 INFO    : luminosity_distance=Uniform(minimum=0.0, maximum=800.0, name='luminosity_distance', latex_label='$d_L$', unit=None, boundary=None)
21:04 INFO    : inclination_EM=Uniform(minimum=0.0, maximum=1.5707963267948966, name='inclination_EM', latex_label='$\\iota$', unit=None, boundary=None)
21:04 INFO    : log10_mej_dyn=Uniform(minimum=-3, maximum=-1.7, name='log10_mej_dyn', latex_label='$\\log_{10}M^{\\rm{dyn}}_{\\rm{ej}}$', unit=None, boundary=None)
21:04 INFO    : vej_dyn=Uniform(minimum=0.12, maximum=0.25, name='vej_dyn', latex_label='$V^{\\rm{dyn}}_{\\rm{ej}}$', unit=None, boundary=None)
21:04 INFO    : Yedyn=Uniform(minimum=0.15, maximum=0.3, name='Yedyn', latex_label='$Y_{\\rm{e}}$', unit=None, boundary=None)
21:04 INFO    : log10_mej_wind=Uniform(minimum=-2, maximum=-0.89, name='log10_mej_wind', latex_label='$\\log_{10}M^{\\rm{wind}}_{\\rm{ej}}$', unit=None, boundary=None)
21:04 INFO    : vej_wind=Uniform(minimum=0.03, maximum=0.15, name='vej_wind', latex_label='$V^{\\rm{wind}}_{\\rm{ej}}$', unit=None, boundary=None)
21:04 INFO    : alpha=Gaussian(mu=0.0, sigma=0.004, name='alpha', latex_label='$\\alpha$', unit=None, boundary=None)
21:04 INFO    : ratio_zeta=Uniform(minimum=0.1, maximum=0.5, name='ratio_zeta', latex_label='$\\zeta$', unit=None, boundary=None)
21:04 INFO    : ratio_epsilon=Uniform(minimum=0.0, maximum=1.0, name='ratio_epsilon', latex_label='$\\varepsilon$', unit=None, boundary=None)
21:04 INFO    : cos_theta_jn=Uniform(minimum=-1, maximum=1, name='cos_theta_jn', latex_label='$\\cos\\theta_{JN}$', unit=None, boundary='reflective')
21:04 INFO    : timeshift=0.0
21:04 INFO    : Ebv=0.0
21:04 INFO    : Analysis likelihood class: <class 'nmma.em.likelihood.OpticalLightCurve'>
21:04 INFO    : Analysis likelihood noise evidence: 0.0
21:04 INFO    : Analysis priors:
21:04 INFO    : luminosity_distance=Uniform(minimum=0.0, maximum=800.0, name='luminosity_distance', latex_label='$d_L$', unit=None, boundary=None)
21:04 INFO    : inclination_EM=Uniform(minimum=0.0, maximum=1.5707963267948966, name='inclination_EM', latex_label='$\\iota$', unit=None, boundary=None)
21:04 INFO    : log10_mej_dyn=Uniform(minimum=-3, maximum=-1.7, name='log10_mej_dyn', latex_label='$\\log_{10}M^{\\rm{dyn}}_{\\rm{ej}}$', unit=None, boundary=None)
21:04 INFO    : vej_dyn=Uniform(minimum=0.12, maximum=0.25, name='vej_dyn', latex_label='$V^{\\rm{dyn}}_{\\rm{ej}}$', unit=None, boundary=None)
21:04 INFO    : Yedyn=Uniform(minimum=0.15, maximum=0.3, name='Yedyn', latex_label='$Y_{\\rm{e}}$', unit=None, boundary=None)
21:04 INFO    : log10_mej_wind=Uniform(minimum=-2, maximum=-0.89, name='log10_mej_wind', latex_label='$\\log_{10}M^{\\rm{wind}}_{\\rm{ej}}$', unit=None, boundary=None)
21:04 INFO    : vej_wind=Uniform(minimum=0.03, maximum=0.15, name='vej_wind', latex_label='$V^{\\rm{wind}}_{\\rm{ej}}$', unit=None, boundary=None)
21:04 INFO    : alpha=Gaussian(mu=0.0, sigma=0.004, name='alpha', latex_label='$\\alpha$', unit=None, boundary=None)
21:04 INFO    : ratio_zeta=Uniform(minimum=0.1, maximum=0.5, name='ratio_zeta', latex_label='$\\zeta$', unit=None, boundary=None)
21:04 INFO    : ratio_epsilon=Uniform(minimum=0.0, maximum=1.0, name='ratio_epsilon', latex_label='$\\varepsilon$', unit=None, boundary=None)
21:04 INFO    : cos_theta_jn=Uniform(minimum=-1, maximum=1, name='cos_theta_jn', latex_label='$\\cos\\theta_{JN}$', unit=None, boundary='reflective')
21:04 INFO    : timeshift=0.0
21:04 INFO    : Ebv=0.0
21:04 INFO    : Analysis likelihood class: <class 'nmma.em.likelihood.OpticalLightCurve'>
21:04 INFO    : Analysis likelihood noise evidence: 0.0
21:04 INFO    : Analysis priors:
21:04 INFO    : luminosity_distance=Uniform(minimum=0.0, maximum=800.0, name='luminosity_distance', latex_label='$d_L$', unit=None, boundary=None)
21:04 INFO    : inclination_EM=Uniform(minimum=0.0, maximum=1.5707963267948966, name='inclination_EM', latex_label='$\\iota$', unit=None, boundary=None)
21:04 INFO    : log10_mej_dyn=Uniform(minimum=-3, maximum=-1.7, name='log10_mej_dyn', latex_label='$\\log_{10}M^{\\rm{dyn}}_{\\rm{ej}}$', unit=None, boundary=None)
21:04 INFO    : vej_dyn=Uniform(minimum=0.12, maximum=0.25, name='vej_dyn', latex_label='$V^{\\rm{dyn}}_{\\rm{ej}}$', unit=None, boundary=None)
21:04 INFO    : Yedyn=Uniform(minimum=0.15, maximum=0.3, name='Yedyn', latex_label='$Y_{\\rm{e}}$', unit=None, boundary=None)
21:04 INFO    : log10_mej_wind=Uniform(minimum=-2, maximum=-0.89, name='log10_mej_wind', latex_label='$\\log_{10}M^{\\rm{wind}}_{\\rm{ej}}$', unit=None, boundary=None)
21:04 INFO    : vej_wind=Uniform(minimum=0.03, maximum=0.15, name='vej_wind', latex_label='$V^{\\rm{wind}}_{\\rm{ej}}$', unit=None, boundary=None)
21:04 INFO    : alpha=Gaussian(mu=0.0, sigma=0.004, name='alpha', latex_label='$\\alpha$', unit=None, boundary=None)
21:04 INFO    : ratio_zeta=Uniform(minimum=0.1, maximum=0.5, name='ratio_zeta', latex_label='$\\zeta$', unit=None, boundary=None)
21:04 INFO    : ratio_epsilon=Uniform(minimum=0.0, maximum=1.0, name='ratio_epsilon', latex_label='$\\varepsilon$', unit=None, boundary=None)
21:04 INFO    : cos_theta_jn=Uniform(minimum=-1, maximum=1, name='cos_theta_jn', latex_label='$\\cos\\theta_{JN}$', unit=None, boundary='reflective')
21:04 INFO    : timeshift=0.0
21:04 INFO    : Ebv=0.0
21:04 INFO    : Analysis likelihood class: <class 'nmma.em.likelihood.OpticalLightCurve'>
21:04 INFO    : Analysis likelihood noise evidence: 0.0
21:04 INFO    : Analysis priors:
21:04 INFO    : luminosity_distance=Uniform(minimum=0.0, maximum=800.0, name='luminosity_distance', latex_label='$d_L$', unit=None, boundary=None)
21:04 INFO    : inclination_EM=Uniform(minimum=0.0, maximum=1.5707963267948966, name='inclination_EM', latex_label='$\\iota$', unit=None, boundary=None)
21:04 INFO    : log10_mej_dyn=Uniform(minimum=-3, maximum=-1.7, name='log10_mej_dyn', latex_label='$\\log_{10}M^{\\rm{dyn}}_{\\rm{ej}}$', unit=None, boundary=None)
21:04 INFO    : vej_dyn=Uniform(minimum=0.12, maximum=0.25, name='vej_dyn', latex_label='$V^{\\rm{dyn}}_{\\rm{ej}}$', unit=None, boundary=None)
21:04 INFO    : Yedyn=Uniform(minimum=0.15, maximum=0.3, name='Yedyn', latex_label='$Y_{\\rm{e}}$', unit=None, boundary=None)
21:04 INFO    : log10_mej_wind=Uniform(minimum=-2, maximum=-0.89, name='log10_mej_wind', latex_label='$\\log_{10}M^{\\rm{wind}}_{\\rm{ej}}$', unit=None, boundary=None)
21:04 INFO    : vej_wind=Uniform(minimum=0.03, maximum=0.15, name='vej_wind', latex_label='$V^{\\rm{wind}}_{\\rm{ej}}$', unit=None, boundary=None)
21:04 INFO    : alpha=Gaussian(mu=0.0, sigma=0.004, name='alpha', latex_label='$\\alpha$', unit=None, boundary=None)
21:04 INFO    : ratio_zeta=Uniform(minimum=0.1, maximum=0.5, name='ratio_zeta', latex_label='$\\zeta$', unit=None, boundary=None)
21:04 INFO    : ratio_epsilon=Uniform(minimum=0.0, maximum=1.0, name='ratio_epsilon', latex_label='$\\varepsilon$', unit=None, boundary=None)
21:04 INFO    : cos_theta_jn=Uniform(minimum=-1, maximum=1, name='cos_theta_jn', latex_label='$\\cos\\theta_{JN}$', unit=None, boundary='reflective')
21:04 INFO    : timeshift=0.0
21:04 INFO    : Ebv=0.0
21:04 INFO    : Analysis likelihood class: <class 'nmma.em.likelihood.OpticalLightCurve'>
21:04 INFO    : Analysis likelihood noise evidence: 0.0
21:04 INFO    : Analysis priors:
21:04 INFO    : luminosity_distance=Uniform(minimum=0.0, maximum=800.0, name='luminosity_distance', latex_label='$d_L$', unit=None, boundary=None)
21:04 INFO    : inclination_EM=Uniform(minimum=0.0, maximum=1.5707963267948966, name='inclination_EM', latex_label='$\\iota$', unit=None, boundary=None)
21:04 INFO    : log10_mej_dyn=Uniform(minimum=-3, maximum=-1.7, name='log10_mej_dyn', latex_label='$\\log_{10}M^{\\rm{dyn}}_{\\rm{ej}}$', unit=None, boundary=None)
21:04 INFO    : vej_dyn=Uniform(minimum=0.12, maximum=0.25, name='vej_dyn', latex_label='$V^{\\rm{dyn}}_{\\rm{ej}}$', unit=None, boundary=None)
21:04 INFO    : Yedyn=Uniform(minimum=0.15, maximum=0.3, name='Yedyn', latex_label='$Y_{\\rm{e}}$', unit=None, boundary=None)
21:04 INFO    : log10_mej_wind=Uniform(minimum=-2, maximum=-0.89, name='log10_mej_wind', latex_label='$\\log_{10}M^{\\rm{wind}}_{\\rm{ej}}$', unit=None, boundary=None)
21:04 INFO    : vej_wind=Uniform(minimum=0.03, maximum=0.15, name='vej_wind', latex_label='$V^{\\rm{wind}}_{\\rm{ej}}$', unit=None, boundary=None)
21:04 INFO    : alpha=Gaussian(mu=0.0, sigma=0.004, name='alpha', latex_label='$\\alpha$', unit=None, boundary=None)
21:04 INFO    : ratio_zeta=Uniform(minimum=0.1, maximum=0.5, name='ratio_zeta', latex_label='$\\zeta$', unit=None, boundary=None)
21:04 INFO    : ratio_epsilon=Uniform(minimum=0.0, maximum=1.0, name='ratio_epsilon', latex_label='$\\varepsilon$', unit=None, boundary=None)
21:04 INFO    : cos_theta_jn=Uniform(minimum=-1, maximum=1, name='cos_theta_jn', latex_label='$\\cos\\theta_{JN}$', unit=None, boundary='reflective')
21:04 INFO    : timeshift=0.0
21:04 INFO    : Ebv=0.0
21:04 INFO    : Analysis likelihood class: <class 'nmma.em.likelihood.OpticalLightCurve'>
21:04 INFO    : Analysis likelihood noise evidence: 0.0
21:04 INFO    : Analysis priors:
21:04 INFO    : luminosity_distance=Uniform(minimum=0.0, maximum=800.0, name='luminosity_distance', latex_label='$d_L$', unit=None, boundary=None)
21:04 INFO    : inclination_EM=Uniform(minimum=0.0, maximum=1.5707963267948966, name='inclination_EM', latex_label='$\\iota$', unit=None, boundary=None)
21:04 INFO    : log10_mej_dyn=Uniform(minimum=-3, maximum=-1.7, name='log10_mej_dyn', latex_label='$\\log_{10}M^{\\rm{dyn}}_{\\rm{ej}}$', unit=None, boundary=None)
21:04 INFO    : vej_dyn=Uniform(minimum=0.12, maximum=0.25, name='vej_dyn', latex_label='$V^{\\rm{dyn}}_{\\rm{ej}}$', unit=None, boundary=None)
21:04 INFO    : Yedyn=Uniform(minimum=0.15, maximum=0.3, name='Yedyn', latex_label='$Y_{\\rm{e}}$', unit=None, boundary=None)
21:04 INFO    : log10_mej_wind=Uniform(minimum=-2, maximum=-0.89, name='log10_mej_wind', latex_label='$\\log_{10}M^{\\rm{wind}}_{\\rm{ej}}$', unit=None, boundary=None)
21:04 INFO    : vej_wind=Uniform(minimum=0.03, maximum=0.15, name='vej_wind', latex_label='$V^{\\rm{wind}}_{\\rm{ej}}$', unit=None, boundary=None)
21:04 INFO    : alpha=Gaussian(mu=0.0, sigma=0.004, name='alpha', latex_label='$\\alpha$', unit=None, boundary=None)
21:04 INFO    : ratio_zeta=Uniform(minimum=0.1, maximum=0.5, name='ratio_zeta', latex_label='$\\zeta$', unit=None, boundary=None)
21:04 INFO    : ratio_epsilon=Uniform(minimum=0.0, maximum=1.0, name='ratio_epsilon', latex_label='$\\varepsilon$', unit=None, boundary=None)
21:04 INFO    : cos_theta_jn=Uniform(minimum=-1, maximum=1, name='cos_theta_jn', latex_label='$\\cos\\theta_{JN}$', unit=None, boundary='reflective')
21:04 INFO    : timeshift=0.0
21:04 INFO    : Ebv=0.0
21:04 INFO    : Analysis likelihood class: <class 'nmma.em.likelihood.OpticalLightCurve'>
21:04 INFO    : Analysis likelihood noise evidence: 0.0
21:04 INFO    : Analysis priors:
21:04 INFO    : luminosity_distance=Uniform(minimum=0.0, maximum=800.0, name='luminosity_distance', latex_label='$d_L$', unit=None, boundary=None)
21:04 INFO    : inclination_EM=Uniform(minimum=0.0, maximum=1.5707963267948966, name='inclination_EM', latex_label='$\\iota$', unit=None, boundary=None)
21:04 INFO    : log10_mej_dyn=Uniform(minimum=-3, maximum=-1.7, name='log10_mej_dyn', latex_label='$\\log_{10}M^{\\rm{dyn}}_{\\rm{ej}}$', unit=None, boundary=None)
21:04 INFO    : vej_dyn=Uniform(minimum=0.12, maximum=0.25, name='vej_dyn', latex_label='$V^{\\rm{dyn}}_{\\rm{ej}}$', unit=None, boundary=None)
21:04 INFO    : Yedyn=Uniform(minimum=0.15, maximum=0.3, name='Yedyn', latex_label='$Y_{\\rm{e}}$', unit=None, boundary=None)
21:04 INFO    : log10_mej_wind=Uniform(minimum=-2, maximum=-0.89, name='log10_mej_wind', latex_label='$\\log_{10}M^{\\rm{wind}}_{\\rm{ej}}$', unit=None, boundary=None)
21:04 INFO    : vej_wind=Uniform(minimum=0.03, maximum=0.15, name='vej_wind', latex_label='$V^{\\rm{wind}}_{\\rm{ej}}$', unit=None, boundary=None)
21:04 INFO    : alpha=Gaussian(mu=0.0, sigma=0.004, name='alpha', latex_label='$\\alpha$', unit=None, boundary=None)
21:04 INFO    : ratio_zeta=Uniform(minimum=0.1, maximum=0.5, name='ratio_zeta', latex_label='$\\zeta$', unit=None, boundary=None)
21:04 INFO    : ratio_epsilon=Uniform(minimum=0.0, maximum=1.0, name='ratio_epsilon', latex_label='$\\varepsilon$', unit=None, boundary=None)
21:04 INFO    : cos_theta_jn=Uniform(minimum=-1, maximum=1, name='cos_theta_jn', latex_label='$\\cos\\theta_{JN}$', unit=None, boundary='reflective')
21:04 INFO    : timeshift=0.0
21:04 INFO    : Ebv=0.0
21:04 INFO    : Analysis likelihood class: <class 'nmma.em.likelihood.OpticalLightCurve'>
21:04 INFO    : Analysis likelihood noise evidence: 0.0
21:04 INFO    : Analysis priors:
21:04 INFO    : luminosity_distance=Uniform(minimum=0.0, maximum=800.0, name='luminosity_distance', latex_label='$d_L$', unit=None, boundary=None)
21:04 INFO    : inclination_EM=Uniform(minimum=0.0, maximum=1.5707963267948966, name='inclination_EM', latex_label='$\\iota$', unit=None, boundary=None)
21:04 INFO    : log10_mej_dyn=Uniform(minimum=-3, maximum=-1.7, name='log10_mej_dyn', latex_label='$\\log_{10}M^{\\rm{dyn}}_{\\rm{ej}}$', unit=None, boundary=None)
21:04 INFO    : vej_dyn=Uniform(minimum=0.12, maximum=0.25, name='vej_dyn', latex_label='$V^{\\rm{dyn}}_{\\rm{ej}}$', unit=None, boundary=None)
21:04 INFO    : Yedyn=Uniform(minimum=0.15, maximum=0.3, name='Yedyn', latex_label='$Y_{\\rm{e}}$', unit=None, boundary=None)
21:04 INFO    : log10_mej_wind=Uniform(minimum=-2, maximum=-0.89, name='log10_mej_wind', latex_label='$\\log_{10}M^{\\rm{wind}}_{\\rm{ej}}$', unit=None, boundary=None)
21:04 INFO    : vej_wind=Uniform(minimum=0.03, maximum=0.15, name='vej_wind', latex_label='$V^{\\rm{wind}}_{\\rm{ej}}$', unit=None, boundary=None)
21:04 INFO    : alpha=Gaussian(mu=0.0, sigma=0.004, name='alpha', latex_label='$\\alpha$', unit=None, boundary=None)
21:04 INFO    : ratio_zeta=Uniform(minimum=0.1, maximum=0.5, name='ratio_zeta', latex_label='$\\zeta$', unit=None, boundary=None)
21:04 INFO    : ratio_epsilon=Uniform(minimum=0.0, maximum=1.0, name='ratio_epsilon', latex_label='$\\varepsilon$', unit=None, boundary=None)
21:04 INFO    : cos_theta_jn=Uniform(minimum=-1, maximum=1, name='cos_theta_jn', latex_label='$\\cos\\theta_{JN}$', unit=None, boundary='reflective')
21:04 INFO    : timeshift=0.0
21:04 INFO    : Ebv=0.0
21:04 INFO    : Analysis likelihood class: <class 'nmma.em.likelihood.OpticalLightCurve'>
21:04 INFO    : Analysis likelihood noise evidence: 0.0
21:04 INFO    : Analysis priors:
21:04 INFO    : luminosity_distance=Uniform(minimum=0.0, maximum=800.0, name='luminosity_distance', latex_label='$d_L$', unit=None, boundary=None)
21:04 INFO    : inclination_EM=Uniform(minimum=0.0, maximum=1.5707963267948966, name='inclination_EM', latex_label='$\\iota$', unit=None, boundary=None)
21:04 INFO    : log10_mej_dyn=Uniform(minimum=-3, maximum=-1.7, name='log10_mej_dyn', latex_label='$\\log_{10}M^{\\rm{dyn}}_{\\rm{ej}}$', unit=None, boundary=None)
21:04 INFO    : vej_dyn=Uniform(minimum=0.12, maximum=0.25, name='vej_dyn', latex_label='$V^{\\rm{dyn}}_{\\rm{ej}}$', unit=None, boundary=None)
21:04 INFO    : Yedyn=Uniform(minimum=0.15, maximum=0.3, name='Yedyn', latex_label='$Y_{\\rm{e}}$', unit=None, boundary=None)
21:04 INFO    : log10_mej_wind=Uniform(minimum=-2, maximum=-0.89, name='log10_mej_wind', latex_label='$\\log_{10}M^{\\rm{wind}}_{\\rm{ej}}$', unit=None, boundary=None)
21:04 INFO    : vej_wind=Uniform(minimum=0.03, maximum=0.15, name='vej_wind', latex_label='$V^{\\rm{wind}}_{\\rm{ej}}$', unit=None, boundary=None)
21:04 INFO    : alpha=Gaussian(mu=0.0, sigma=0.004, name='alpha', latex_label='$\\alpha$', unit=None, boundary=None)
21:04 INFO    : ratio_zeta=Uniform(minimum=0.1, maximum=0.5, name='ratio_zeta', latex_label='$\\zeta$', unit=None, boundary=None)
21:04 INFO    : ratio_epsilon=Uniform(minimum=0.0, maximum=1.0, name='ratio_epsilon', latex_label='$\\varepsilon$', unit=None, boundary=None)
21:04 INFO    : cos_theta_jn=Uniform(minimum=-1, maximum=1, name='cos_theta_jn', latex_label='$\\cos\\theta_{JN}$', unit=None, boundary='reflective')
21:04 INFO    : timeshift=0.0
21:04 INFO    : Ebv=0.0
21:04 INFO    : Analysis likelihood class: <class 'nmma.em.likelihood.OpticalLightCurve'>
21:04 INFO    : Analysis likelihood noise evidence: 0.0
21:04 INFO    : Analysis priors:
21:04 INFO    : luminosity_distance=Uniform(minimum=0.0, maximum=800.0, name='luminosity_distance', latex_label='$d_L$', unit=None, boundary=None)
21:04 INFO    : inclination_EM=Uniform(minimum=0.0, maximum=1.5707963267948966, name='inclination_EM', latex_label='$\\iota$', unit=None, boundary=None)
21:04 INFO    : log10_mej_dyn=Uniform(minimum=-3, maximum=-1.7, name='log10_mej_dyn', latex_label='$\\log_{10}M^{\\rm{dyn}}_{\\rm{ej}}$', unit=None, boundary=None)
21:04 INFO    : vej_dyn=Uniform(minimum=0.12, maximum=0.25, name='vej_dyn', latex_label='$V^{\\rm{dyn}}_{\\rm{ej}}$', unit=None, boundary=None)
21:04 INFO    : Yedyn=Uniform(minimum=0.15, maximum=0.3, name='Yedyn', latex_label='$Y_{\\rm{e}}$', unit=None, boundary=None)
21:04 INFO    : log10_mej_wind=Uniform(minimum=-2, maximum=-0.89, name='log10_mej_wind', latex_label='$\\log_{10}M^{\\rm{wind}}_{\\rm{ej}}$', unit=None, boundary=None)
21:04 INFO    : vej_wind=Uniform(minimum=0.03, maximum=0.15, name='vej_wind', latex_label='$V^{\\rm{wind}}_{\\rm{ej}}$', unit=None, boundary=None)
21:04 INFO    : alpha=Gaussian(mu=0.0, sigma=0.004, name='alpha', latex_label='$\\alpha$', unit=None, boundary=None)
21:04 INFO    : ratio_zeta=Uniform(minimum=0.1, maximum=0.5, name='ratio_zeta', latex_label='$\\zeta$', unit=None, boundary=None)
21:04 INFO    : ratio_epsilon=Uniform(minimum=0.0, maximum=1.0, name='ratio_epsilon', latex_label='$\\varepsilon$', unit=None, boundary=None)
21:04 INFO    : cos_theta_jn=Uniform(minimum=-1, maximum=1, name='cos_theta_jn', latex_label='$\\cos\\theta_{JN}$', unit=None, boundary='reflective')
21:04 INFO    : timeshift=0.0
21:04 INFO    : Ebv=0.0
21:04 INFO    : Analysis likelihood class: <class 'nmma.em.likelihood.OpticalLightCurve'>
21:04 INFO    : Analysis likelihood noise evidence: 0.0
21:04 INFO    : Analysis priors:
21:04 INFO    : luminosity_distance=Uniform(minimum=0.0, maximum=800.0, name='luminosity_distance', latex_label='$d_L$', unit=None, boundary=None)
21:04 INFO    : inclination_EM=Uniform(minimum=0.0, maximum=1.5707963267948966, name='inclination_EM', latex_label='$\\iota$', unit=None, boundary=None)
21:04 INFO    : log10_mej_dyn=Uniform(minimum=-3, maximum=-1.7, name='log10_mej_dyn', latex_label='$\\log_{10}M^{\\rm{dyn}}_{\\rm{ej}}$', unit=None, boundary=None)
21:04 INFO    : vej_dyn=Uniform(minimum=0.12, maximum=0.25, name='vej_dyn', latex_label='$V^{\\rm{dyn}}_{\\rm{ej}}$', unit=None, boundary=None)
21:04 INFO    : Yedyn=Uniform(minimum=0.15, maximum=0.3, name='Yedyn', latex_label='$Y_{\\rm{e}}$', unit=None, boundary=None)
21:04 INFO    : log10_mej_wind=Uniform(minimum=-2, maximum=-0.89, name='log10_mej_wind', latex_label='$\\log_{10}M^{\\rm{wind}}_{\\rm{ej}}$', unit=None, boundary=None)
21:04 INFO    : vej_wind=Uniform(minimum=0.03, maximum=0.15, name='vej_wind', latex_label='$V^{\\rm{wind}}_{\\rm{ej}}$', unit=None, boundary=None)
21:04 INFO    : alpha=Gaussian(mu=0.0, sigma=0.004, name='alpha', latex_label='$\\alpha$', unit=None, boundary=None)
21:04 INFO    : ratio_zeta=Uniform(minimum=0.1, maximum=0.5, name='ratio_zeta', latex_label='$\\zeta$', unit=None, boundary=None)
21:04 INFO    : ratio_epsilon=Uniform(minimum=0.0, maximum=1.0, name='ratio_epsilon', latex_label='$\\varepsilon$', unit=None, boundary=None)
21:04 INFO    : cos_theta_jn=Uniform(minimum=-1, maximum=1, name='cos_theta_jn', latex_label='$\\cos\\theta_{JN}$', unit=None, boundary='reflective')
21:04 INFO    : timeshift=0.0
21:04 INFO    : Ebv=0.0
21:04 INFO    : Analysis likelihood class: <class 'nmma.em.likelihood.OpticalLightCurve'>
21:04 INFO    : Analysis likelihood noise evidence: 0.0
21:04 INFO    : Analysis priors:
21:04 INFO    : luminosity_distance=Uniform(minimum=0.0, maximum=800.0, name='luminosity_distance', latex_label='$d_L$', unit=None, boundary=None)
21:04 INFO    : inclination_EM=Uniform(minimum=0.0, maximum=1.5707963267948966, name='inclination_EM', latex_label='$\\iota$', unit=None, boundary=None)
21:04 INFO    : log10_mej_dyn=Uniform(minimum=-3, maximum=-1.7, name='log10_mej_dyn', latex_label='$\\log_{10}M^{\\rm{dyn}}_{\\rm{ej}}$', unit=None, boundary=None)
21:04 INFO    : vej_dyn=Uniform(minimum=0.12, maximum=0.25, name='vej_dyn', latex_label='$V^{\\rm{dyn}}_{\\rm{ej}}$', unit=None, boundary=None)
21:04 INFO    : Yedyn=Uniform(minimum=0.15, maximum=0.3, name='Yedyn', latex_label='$Y_{\\rm{e}}$', unit=None, boundary=None)
21:04 INFO    : log10_mej_wind=Uniform(minimum=-2, maximum=-0.89, name='log10_mej_wind', latex_label='$\\log_{10}M^{\\rm{wind}}_{\\rm{ej}}$', unit=None, boundary=None)
21:04 INFO    : vej_wind=Uniform(minimum=0.03, maximum=0.15, name='vej_wind', latex_label='$V^{\\rm{wind}}_{\\rm{ej}}$', unit=None, boundary=None)
21:04 INFO    : alpha=Gaussian(mu=0.0, sigma=0.004, name='alpha', latex_label='$\\alpha$', unit=None, boundary=None)
21:04 INFO    : ratio_zeta=Uniform(minimum=0.1, maximum=0.5, name='ratio_zeta', latex_label='$\\zeta$', unit=None, boundary=None)
21:04 INFO    : ratio_epsilon=Uniform(minimum=0.0, maximum=1.0, name='ratio_epsilon', latex_label='$\\varepsilon$', unit=None, boundary=None)
21:04 INFO    : cos_theta_jn=Uniform(minimum=-1, maximum=1, name='cos_theta_jn', latex_label='$\\cos\\theta_{JN}$', unit=None, boundary='reflective')
21:04 INFO    : timeshift=0.0
21:04 INFO    : Ebv=0.0
21:04 INFO    : Analysis likelihood class: <class 'nmma.em.likelihood.OpticalLightCurve'>
21:04 INFO    : Analysis likelihood noise evidence: 0.0
21:04 INFO    : Analysis priors:
21:04 INFO    : luminosity_distance=Uniform(minimum=0.0, maximum=800.0, name='luminosity_distance', latex_label='$d_L$', unit=None, boundary=None)
21:04 INFO    : inclination_EM=Uniform(minimum=0.0, maximum=1.5707963267948966, name='inclination_EM', latex_label='$\\iota$', unit=None, boundary=None)
21:04 INFO    : log10_mej_dyn=Uniform(minimum=-3, maximum=-1.7, name='log10_mej_dyn', latex_label='$\\log_{10}M^{\\rm{dyn}}_{\\rm{ej}}$', unit=None, boundary=None)
21:04 INFO    : vej_dyn=Uniform(minimum=0.12, maximum=0.25, name='vej_dyn', latex_label='$V^{\\rm{dyn}}_{\\rm{ej}}$', unit=None, boundary=None)
21:04 INFO    : Yedyn=Uniform(minimum=0.15, maximum=0.3, name='Yedyn', latex_label='$Y_{\\rm{e}}$', unit=None, boundary=None)
21:04 INFO    : log10_mej_wind=Uniform(minimum=-2, maximum=-0.89, name='log10_mej_wind', latex_label='$\\log_{10}M^{\\rm{wind}}_{\\rm{ej}}$', unit=None, boundary=None)
21:04 INFO    : vej_wind=Uniform(minimum=0.03, maximum=0.15, name='vej_wind', latex_label='$V^{\\rm{wind}}_{\\rm{ej}}$', unit=None, boundary=None)
21:04 INFO    : alpha=Gaussian(mu=0.0, sigma=0.004, name='alpha', latex_label='$\\alpha$', unit=None, boundary=None)
21:04 INFO    : ratio_zeta=Uniform(minimum=0.1, maximum=0.5, name='ratio_zeta', latex_label='$\\zeta$', unit=None, boundary=None)
21:04 INFO    : ratio_epsilon=Uniform(minimum=0.0, maximum=1.0, name='ratio_epsilon', latex_label='$\\varepsilon$', unit=None, boundary=None)
21:04 INFO    : cos_theta_jn=Uniform(minimum=-1, maximum=1, name='cos_theta_jn', latex_label='$\\cos\\theta_{JN}$', unit=None, boundary='reflective')
21:04 INFO    : timeshift=0.0
21:04 INFO    : Ebv=0.0
21:04 INFO    : Analysis likelihood class: <class 'nmma.em.likelihood.OpticalLightCurve'>
21:04 INFO    : Analysis likelihood noise evidence: 0.0
21:04 INFO    : Analysis priors:
21:04 INFO    : luminosity_distance=Uniform(minimum=0.0, maximum=800.0, name='luminosity_distance', latex_label='$d_L$', unit=None, boundary=None)
21:04 INFO    : inclination_EM=Uniform(minimum=0.0, maximum=1.5707963267948966, name='inclination_EM', latex_label='$\\iota$', unit=None, boundary=None)
21:04 INFO    : log10_mej_dyn=Uniform(minimum=-3, maximum=-1.7, name='log10_mej_dyn', latex_label='$\\log_{10}M^{\\rm{dyn}}_{\\rm{ej}}$', unit=None, boundary=None)
21:04 INFO    : vej_dyn=Uniform(minimum=0.12, maximum=0.25, name='vej_dyn', latex_label='$V^{\\rm{dyn}}_{\\rm{ej}}$', unit=None, boundary=None)
21:04 INFO    : Yedyn=Uniform(minimum=0.15, maximum=0.3, name='Yedyn', latex_label='$Y_{\\rm{e}}$', unit=None, boundary=None)
21:04 INFO    : log10_mej_wind=Uniform(minimum=-2, maximum=-0.89, name='log10_mej_wind', latex_label='$\\log_{10}M^{\\rm{wind}}_{\\rm{ej}}$', unit=None, boundary=None)
21:04 INFO    : vej_wind=Uniform(minimum=0.03, maximum=0.15, name='vej_wind', latex_label='$V^{\\rm{wind}}_{\\rm{ej}}$', unit=None, boundary=None)
21:04 INFO    : alpha=Gaussian(mu=0.0, sigma=0.004, name='alpha', latex_label='$\\alpha$', unit=None, boundary=None)
21:04 INFO    : ratio_zeta=Uniform(minimum=0.1, maximum=0.5, name='ratio_zeta', latex_label='$\\zeta$', unit=None, boundary=None)
21:04 INFO    : ratio_epsilon=Uniform(minimum=0.0, maximum=1.0, name='ratio_epsilon', latex_label='$\\varepsilon$', unit=None, boundary=None)
21:04 INFO    : cos_theta_jn=Uniform(minimum=-1, maximum=1, name='cos_theta_jn', latex_label='$\\cos\\theta_{JN}$', unit=None, boundary='reflective')
21:04 INFO    : timeshift=0.0
21:04 INFO    : Ebv=0.0
21:04 INFO    : Analysis likelihood class: <class 'nmma.em.likelihood.OpticalLightCurve'>
21:04 INFO    : Analysis likelihood noise evidence: 0.0
21:04 INFO    : Single likelihood evaluation took nan s
21:04 WARNING : Supplied argument 'queue_size' not an argument of 'Pymultinest', removing.
21:04 WARNING : Supplied argument 'check_point_delta_t' not an argument of 'Pymultinest', removing.
21:04 INFO    : Using sampler Pymultinest with kwargs {'importance_nested_sampling': False, 'resume': True, 'verbose': True, 'sampling_efficiency': 'parameter', 'n_live_points': 2048, 'n_params': 11, 'n_clustering_params': None, 'wrapped_params': None, 'multimodal': True, 'const_efficiency_mode': False, 'evidence_tolerance': 0.5, 'n_iter_before_update': 100, 'null_log_evidence': -1e+90, 'max_modes': 100, 'mode_tolerance': -1e+90, 'seed': 42, 'context': 0, 'write_output': True, 'log_zero': -1e+100, 'max_iter': 0, 'init_MPI': False, 'dump_callback': <bound method Pymultinest._dump_callback of <bilby.core.sampler.pymultinest.Pymultinest object at 0x7fc3705924d0>>}
21:04 INFO    : Temporary directory incompatible with MPI, will run in original directory
21:04 INFO    : Using output file ./outdir/BNS/1/pm_injection_Bu2022Ye_1/
21:04 INFO    : Single likelihood evaluation took nan s
21:04 WARNING : Supplied argument 'queue_size' not an argument of 'Pymultinest', removing.
21:04 WARNING : Supplied argument 'check_point_delta_t' not an argument of 'Pymultinest', removing.
21:04 INFO    : Using sampler Pymultinest with kwargs {'importance_nested_sampling': False, 'resume': True, 'verbose': True, 'sampling_efficiency': 'parameter', 'n_live_points': 2048, 'n_params': 11, 'n_clustering_params': None, 'wrapped_params': None, 'multimodal': True, 'const_efficiency_mode': False, 'evidence_tolerance': 0.5, 'n_iter_before_update': 100, 'null_log_evidence': -1e+90, 'max_modes': 100, 'mode_tolerance': -1e+90, 'seed': 42, 'context': 0, 'write_output': True, 'log_zero': -1e+100, 'max_iter': 0, 'init_MPI': False, 'dump_callback': <bound method Pymultinest._dump_callback of <bilby.core.sampler.pymultinest.Pymultinest object at 0x7f733c283d30>>}
21:04 INFO    : Temporary directory incompatible with MPI, will run in original directory
21:04 INFO    : Using output file ./outdir/BNS/1/pm_injection_Bu2022Ye_1/
21:04 INFO    : Analysis priors:
21:04 INFO    : luminosity_distance=Uniform(minimum=0.0, maximum=800.0, name='luminosity_distance', latex_label='$d_L$', unit=None, boundary=None)
21:04 INFO    : inclination_EM=Uniform(minimum=0.0, maximum=1.5707963267948966, name='inclination_EM', latex_label='$\\iota$', unit=None, boundary=None)
21:04 INFO    : log10_mej_dyn=Uniform(minimum=-3, maximum=-1.7, name='log10_mej_dyn', latex_label='$\\log_{10}M^{\\rm{dyn}}_{\\rm{ej}}$', unit=None, boundary=None)
21:04 INFO    : vej_dyn=Uniform(minimum=0.12, maximum=0.25, name='vej_dyn', latex_label='$V^{\\rm{dyn}}_{\\rm{ej}}$', unit=None, boundary=None)
21:04 INFO    : Yedyn=Uniform(minimum=0.15, maximum=0.3, name='Yedyn', latex_label='$Y_{\\rm{e}}$', unit=None, boundary=None)
21:04 INFO    : log10_mej_wind=Uniform(minimum=-2, maximum=-0.89, name='log10_mej_wind', latex_label='$\\log_{10}M^{\\rm{wind}}_{\\rm{ej}}$', unit=None, boundary=None)
21:04 INFO    : vej_wind=Uniform(minimum=0.03, maximum=0.15, name='vej_wind', latex_label='$V^{\\rm{wind}}_{\\rm{ej}}$', unit=None, boundary=None)
21:04 INFO    : alpha=Gaussian(mu=0.0, sigma=0.004, name='alpha', latex_label='$\\alpha$', unit=None, boundary=None)
21:04 INFO    : ratio_zeta=Uniform(minimum=0.1, maximum=0.5, name='ratio_zeta', latex_label='$\\zeta$', unit=None, boundary=None)
21:04 INFO    : ratio_epsilon=Uniform(minimum=0.0, maximum=1.0, name='ratio_epsilon', latex_label='$\\varepsilon$', unit=None, boundary=None)
21:04 INFO    : cos_theta_jn=Uniform(minimum=-1, maximum=1, name='cos_theta_jn', latex_label='$\\cos\\theta_{JN}$', unit=None, boundary='reflective')
21:04 INFO    : timeshift=0.0
21:04 INFO    : Ebv=0.0
21:04 INFO    : Analysis likelihood class: <class 'nmma.em.likelihood.OpticalLightCurve'>
21:04 INFO    : Analysis likelihood noise evidence: 0.0
21:04 INFO    : Single likelihood evaluation took nan s
21:04 WARNING : Supplied argument 'queue_size' not an argument of 'Pymultinest', removing.
21:04 WARNING : Supplied argument 'check_point_delta_t' not an argument of 'Pymultinest', removing.
21:04 INFO    : Using sampler Pymultinest with kwargs {'importance_nested_sampling': False, 'resume': True, 'verbose': True, 'sampling_efficiency': 'parameter', 'n_live_points': 2048, 'n_params': 11, 'n_clustering_params': None, 'wrapped_params': None, 'multimodal': True, 'const_efficiency_mode': False, 'evidence_tolerance': 0.5, 'n_iter_before_update': 100, 'null_log_evidence': -1e+90, 'max_modes': 100, 'mode_tolerance': -1e+90, 'seed': 42, 'context': 0, 'write_output': True, 'log_zero': -1e+100, 'max_iter': 0, 'init_MPI': False, 'dump_callback': <bound method Pymultinest._dump_callback of <bilby.core.sampler.pymultinest.Pymultinest object at 0x7f08784aab60>>}
21:04 INFO    : Temporary directory incompatible with MPI, will run in original directory
21:04 INFO    : Using output file ./outdir/BNS/1/pm_injection_Bu2022Ye_1/
21:04 INFO    : Single likelihood evaluation took nan s
21:04 WARNING : Supplied argument 'queue_size' not an argument of 'Pymultinest', removing.
21:04 WARNING : Supplied argument 'check_point_delta_t' not an argument of 'Pymultinest', removing.
21:04 INFO    : Using sampler Pymultinest with kwargs {'importance_nested_sampling': False, 'resume': True, 'verbose': True, 'sampling_efficiency': 'parameter', 'n_live_points': 2048, 'n_params': 11, 'n_clustering_params': None, 'wrapped_params': None, 'multimodal': True, 'const_efficiency_mode': False, 'evidence_tolerance': 0.5, 'n_iter_before_update': 100, 'null_log_evidence': -1e+90, 'max_modes': 100, 'mode_tolerance': -1e+90, 'seed': 42, 'context': 0, 'write_output': True, 'log_zero': -1e+100, 'max_iter': 0, 'init_MPI': False, 'dump_callback': <bound method Pymultinest._dump_callback of <bilby.core.sampler.pymultinest.Pymultinest object at 0x7f71e85bbeb0>>}
21:04 INFO    : Temporary directory incompatible with MPI, will run in original directory
21:04 INFO    : Using output file ./outdir/BNS/1/pm_injection_Bu2022Ye_1/
21:04 INFO    : Single likelihood evaluation took nan s
21:04 WARNING : Supplied argument 'queue_size' not an argument of 'Pymultinest', removing.
21:04 WARNING : Supplied argument 'check_point_delta_t' not an argument of 'Pymultinest', removing.
21:04 INFO    : Using sampler Pymultinest with kwargs {'importance_nested_sampling': False, 'resume': True, 'verbose': True, 'sampling_efficiency': 'parameter', 'n_live_points': 2048, 'n_params': 11, 'n_clustering_params': None, 'wrapped_params': None, 'multimodal': True, 'const_efficiency_mode': False, 'evidence_tolerance': 0.5, 'n_iter_before_update': 100, 'null_log_evidence': -1e+90, 'max_modes': 100, 'mode_tolerance': -1e+90, 'seed': 42, 'context': 0, 'write_output': True, 'log_zero': -1e+100, 'max_iter': 0, 'init_MPI': False, 'dump_callback': <bound method Pymultinest._dump_callback of <bilby.core.sampler.pymultinest.Pymultinest object at 0x7f483478be80>>}
21:04 INFO    : Temporary directory incompatible with MPI, will run in original directory
21:04 INFO    : Using output file ./outdir/BNS/1/pm_injection_Bu2022Ye_1/
21:04 INFO    : Single likelihood evaluation took nan s
21:04 WARNING : Supplied argument 'queue_size' not an argument of 'Pymultinest', removing.
21:04 WARNING : Supplied argument 'check_point_delta_t' not an argument of 'Pymultinest', removing.
21:04 INFO    : Using sampler Pymultinest with kwargs {'importance_nested_sampling': False, 'resume': True, 'verbose': True, 'sampling_efficiency': 'parameter', 'n_live_points': 2048, 'n_params': 11, 'n_clustering_params': None, 'wrapped_params': None, 'multimodal': True, 'const_efficiency_mode': False, 'evidence_tolerance': 0.5, 'n_iter_before_update': 100, 'null_log_evidence': -1e+90, 'max_modes': 100, 'mode_tolerance': -1e+90, 'seed': 42, 'context': 0, 'write_output': True, 'log_zero': -1e+100, 'max_iter': 0, 'init_MPI': False, 'dump_callback': <bound method Pymultinest._dump_callback of <bilby.core.sampler.pymultinest.Pymultinest object at 0x7f365047fe80>>}
21:04 INFO    : Temporary directory incompatible with MPI, will run in original directory
21:04 INFO    : Using output file ./outdir/BNS/1/pm_injection_Bu2022Ye_1/
21:04 INFO    : Single likelihood evaluation took nan s
21:04 WARNING : Supplied argument 'queue_size' not an argument of 'Pymultinest', removing.
21:04 WARNING : Supplied argument 'check_point_delta_t' not an argument of 'Pymultinest', removing.
21:04 INFO    : Using sampler Pymultinest with kwargs {'importance_nested_sampling': False, 'resume': True, 'verbose': True, 'sampling_efficiency': 'parameter', 'n_live_points': 2048, 'n_params': 11, 'n_clustering_params': None, 'wrapped_params': None, 'multimodal': True, 'const_efficiency_mode': False, 'evidence_tolerance': 0.5, 'n_iter_before_update': 100, 'null_log_evidence': -1e+90, 'max_modes': 100, 'mode_tolerance': -1e+90, 'seed': 42, 'context': 0, 'write_output': True, 'log_zero': -1e+100, 'max_iter': 0, 'init_MPI': False, 'dump_callback': <bound method Pymultinest._dump_callback of <bilby.core.sampler.pymultinest.Pymultinest object at 0x7efd247a3eb0>>}
21:04 INFO    : Temporary directory incompatible with MPI, will run in original directory
21:04 INFO    : Using output file ./outdir/BNS/1/pm_injection_Bu2022Ye_1/
21:04 INFO    : Single likelihood evaluation took nan s
21:04 WARNING : Supplied argument 'queue_size' not an argument of 'Pymultinest', removing.
21:04 WARNING : Supplied argument 'check_point_delta_t' not an argument of 'Pymultinest', removing.
21:04 INFO    : Using sampler Pymultinest with kwargs {'importance_nested_sampling': False, 'resume': True, 'verbose': True, 'sampling_efficiency': 'parameter', 'n_live_points': 2048, 'n_params': 11, 'n_clustering_params': None, 'wrapped_params': None, 'multimodal': True, 'const_efficiency_mode': False, 'evidence_tolerance': 0.5, 'n_iter_before_update': 100, 'null_log_evidence': -1e+90, 'max_modes': 100, 'mode_tolerance': -1e+90, 'seed': 42, 'context': 0, 'write_output': True, 'log_zero': -1e+100, 'max_iter': 0, 'init_MPI': False, 'dump_callback': <bound method Pymultinest._dump_callback of <bilby.core.sampler.pymultinest.Pymultinest object at 0x7fb64c67feb0>>}
21:04 INFO    : Temporary directory incompatible with MPI, will run in original directory
21:04 INFO    : Using output file ./outdir/BNS/1/pm_injection_Bu2022Ye_1/
21:04 INFO    : Single likelihood evaluation took nan s
21:04 INFO    : Single likelihood evaluation took nan s
21:04 INFO    : Single likelihood evaluation took nan s
21:04 WARNING : Supplied argument 'queue_size' not an argument of 'Pymultinest', removing.
21:04 WARNING : Supplied argument 'check_point_delta_t' not an argument of 'Pymultinest', removing.
21:04 INFO    : Using sampler Pymultinest with kwargs {'importance_nested_sampling': False, 'resume': True, 'verbose': True, 'sampling_efficiency': 'parameter', 'n_live_points': 2048, 'n_params': 11, 'n_clustering_params': None, 'wrapped_params': None, 'multimodal': True, 'const_efficiency_mode': False, 'evidence_tolerance': 0.5, 'n_iter_before_update': 100, 'null_log_evidence': -1e+90, 'max_modes': 100, 'mode_tolerance': -1e+90, 'seed': 42, 'context': 0, 'write_output': True, 'log_zero': -1e+100, 'max_iter': 0, 'init_MPI': False, 'dump_callback': <bound method Pymultinest._dump_callback of <bilby.core.sampler.pymultinest.Pymultinest object at 0x7f64fc5aeb60>>}
21:04 INFO    : Temporary directory incompatible with MPI, will run in original directory
21:04 INFO    : Using output file ./outdir/BNS/1/pm_injection_Bu2022Ye_1/
21:04 WARNING : Supplied argument 'queue_size' not an argument of 'Pymultinest', removing.
21:04 WARNING : Supplied argument 'check_point_delta_t' not an argument of 'Pymultinest', removing.
21:04 INFO    : Using sampler Pymultinest with kwargs {'importance_nested_sampling': False, 'resume': True, 'verbose': True, 'sampling_efficiency': 'parameter', 'n_live_points': 2048, 'n_params': 11, 'n_clustering_params': None, 'wrapped_params': None, 'multimodal': True, 'const_efficiency_mode': False, 'evidence_tolerance': 0.5, 'n_iter_before_update': 100, 'null_log_evidence': -1e+90, 'max_modes': 100, 'mode_tolerance': -1e+90, 'seed': 42, 'context': 0, 'write_output': True, 'log_zero': -1e+100, 'max_iter': 0, 'init_MPI': False, 'dump_callback': <bound method Pymultinest._dump_callback of <bilby.core.sampler.pymultinest.Pymultinest object at 0x7fd3e4186b60>>}
21:04 INFO    : Temporary directory incompatible with MPI, will run in original directory
21:04 INFO    : Using output file ./outdir/BNS/1/pm_injection_Bu2022Ye_1/
21:04 INFO    : Single likelihood evaluation took nan s
21:04 WARNING : Supplied argument 'queue_size' not an argument of 'Pymultinest', removing.
21:04 WARNING : Supplied argument 'check_point_delta_t' not an argument of 'Pymultinest', removing.
21:04 INFO    : Using sampler Pymultinest with kwargs {'importance_nested_sampling': False, 'resume': True, 'verbose': True, 'sampling_efficiency': 'parameter', 'n_live_points': 2048, 'n_params': 11, 'n_clustering_params': None, 'wrapped_params': None, 'multimodal': True, 'const_efficiency_mode': False, 'evidence_tolerance': 0.5, 'n_iter_before_update': 100, 'null_log_evidence': -1e+90, 'max_modes': 100, 'mode_tolerance': -1e+90, 'seed': 42, 'context': 0, 'write_output': True, 'log_zero': -1e+100, 'max_iter': 0, 'init_MPI': False, 'dump_callback': <bound method Pymultinest._dump_callback of <bilby.core.sampler.pymultinest.Pymultinest object at 0x7fcbb849e4d0>>}
21:04 INFO    : Temporary directory incompatible with MPI, will run in original directory
21:04 INFO    : Using output file ./outdir/BNS/1/pm_injection_Bu2022Ye_1/
21:04 INFO    : Single likelihood evaluation took nan s
21:04 WARNING : Supplied argument 'queue_size' not an argument of 'Pymultinest', removing.
21:04 WARNING : Supplied argument 'check_point_delta_t' not an argument of 'Pymultinest', removing.
21:04 INFO    : Using sampler Pymultinest with kwargs {'importance_nested_sampling': False, 'resume': True, 'verbose': True, 'sampling_efficiency': 'parameter', 'n_live_points': 2048, 'n_params': 11, 'n_clustering_params': None, 'wrapped_params': None, 'multimodal': True, 'const_efficiency_mode': False, 'evidence_tolerance': 0.5, 'n_iter_before_update': 100, 'null_log_evidence': -1e+90, 'max_modes': 100, 'mode_tolerance': -1e+90, 'seed': 42, 'context': 0, 'write_output': True, 'log_zero': -1e+100, 'max_iter': 0, 'init_MPI': False, 'dump_callback': <bound method Pymultinest._dump_callback of <bilby.core.sampler.pymultinest.Pymultinest object at 0x7f31245afeb0>>}
21:04 INFO    : Temporary directory incompatible with MPI, will run in original directory
21:04 INFO    : Using output file ./outdir/BNS/1/pm_injection_Bu2022Ye_1/
21:04 WARNING : Supplied argument 'queue_size' not an argument of 'Pymultinest', removing.
21:04 WARNING : Supplied argument 'check_point_delta_t' not an argument of 'Pymultinest', removing.
21:04 INFO    : Using sampler Pymultinest with kwargs {'importance_nested_sampling': False, 'resume': True, 'verbose': True, 'sampling_efficiency': 'parameter', 'n_live_points': 2048, 'n_params': 11, 'n_clustering_params': None, 'wrapped_params': None, 'multimodal': True, 'const_efficiency_mode': False, 'evidence_tolerance': 0.5, 'n_iter_before_update': 100, 'null_log_evidence': -1e+90, 'max_modes': 100, 'mode_tolerance': -1e+90, 'seed': 42, 'context': 0, 'write_output': True, 'log_zero': -1e+100, 'max_iter': 0, 'init_MPI': False, 'dump_callback': <bound method Pymultinest._dump_callback of <bilby.core.sampler.pymultinest.Pymultinest object at 0x7fbfa43aab60>>}
21:04 INFO    : Temporary directory incompatible with MPI, will run in original directory
21:04 INFO    : Using output file ./outdir/BNS/1/pm_injection_Bu2022Ye_1/
21:04 INFO    : Single likelihood evaluation took nan s
21:04 WARNING : Supplied argument 'queue_size' not an argument of 'Pymultinest', removing.
21:04 WARNING : Supplied argument 'check_point_delta_t' not an argument of 'Pymultinest', removing.
21:04 INFO    : Using sampler Pymultinest with kwargs {'importance_nested_sampling': False, 'resume': True, 'verbose': True, 'sampling_efficiency': 'parameter', 'n_live_points': 2048, 'n_params': 11, 'n_clustering_params': None, 'wrapped_params': None, 'multimodal': True, 'const_efficiency_mode': False, 'evidence_tolerance': 0.5, 'n_iter_before_update': 100, 'null_log_evidence': -1e+90, 'max_modes': 100, 'mode_tolerance': -1e+90, 'seed': 42, 'context': 0, 'write_output': True, 'log_zero': -1e+100, 'max_iter': 0, 'init_MPI': False, 'dump_callback': <bound method Pymultinest._dump_callback of <bilby.core.sampler.pymultinest.Pymultinest object at 0x7fcb3c18beb0>>}
21:04 INFO    : Temporary directory incompatible with MPI, will run in original directory
21:04 INFO    : Using output file ./outdir/BNS/1/pm_injection_Bu2022Ye_1/
21:04 INFO    : Single likelihood evaluation took nan s
21:04 WARNING : Supplied argument 'queue_size' not an argument of 'Pymultinest', removing.
21:04 WARNING : Supplied argument 'check_point_delta_t' not an argument of 'Pymultinest', removing.
21:04 INFO    : Using sampler Pymultinest with kwargs {'importance_nested_sampling': False, 'resume': True, 'verbose': True, 'sampling_efficiency': 'parameter', 'n_live_points': 2048, 'n_params': 11, 'n_clustering_params': None, 'wrapped_params': None, 'multimodal': True, 'const_efficiency_mode': False, 'evidence_tolerance': 0.5, 'n_iter_before_update': 100, 'null_log_evidence': -1e+90, 'max_modes': 100, 'mode_tolerance': -1e+90, 'seed': 42, 'context': 0, 'write_output': True, 'log_zero': -1e+100, 'max_iter': 0, 'init_MPI': False, 'dump_callback': <bound method Pymultinest._dump_callback of <bilby.core.sampler.pymultinest.Pymultinest object at 0x7fe55c1de4d0>>}
21:04 INFO    : Temporary directory incompatible with MPI, will run in original directory
21:04 INFO    : Using output file ./outdir/BNS/1/pm_injection_Bu2022Ye_1/
21:04 INFO    : Single likelihood evaluation took nan s
21:04 WARNING : Supplied argument 'queue_size' not an argument of 'Pymultinest', removing.
21:04 WARNING : Supplied argument 'check_point_delta_t' not an argument of 'Pymultinest', removing.
21:04 INFO    : Using sampler Pymultinest with kwargs {'importance_nested_sampling': False, 'resume': True, 'verbose': True, 'sampling_efficiency': 'parameter', 'n_live_points': 2048, 'n_params': 11, 'n_clustering_params': None, 'wrapped_params': None, 'multimodal': True, 'const_efficiency_mode': False, 'evidence_tolerance': 0.5, 'n_iter_before_update': 100, 'null_log_evidence': -1e+90, 'max_modes': 100, 'mode_tolerance': -1e+90, 'seed': 42, 'context': 0, 'write_output': True, 'log_zero': -1e+100, 'max_iter': 0, 'init_MPI': False, 'dump_callback': <bound method Pymultinest._dump_callback of <bilby.core.sampler.pymultinest.Pymultinest object at 0x7f192c5a7d30>>}
21:04 INFO    : Temporary directory incompatible with MPI, will run in original directory
21:04 INFO    : Using output file ./outdir/BNS/1/pm_injection_Bu2022Ye_1/
21:04 INFO    : Run interrupted by signal 2: checkpoint and exit on 77
21:04 INFO    : Run interrupted by signal 2: checkpoint and exit on 77
21:04 INFO    : Run interrupted by signal 2: checkpoint and exit on 77
21:04 INFO    : Run interrupted by signal 2: checkpoint and exit on 77
21:04 INFO    : Run interrupted by signal 2: checkpoint and exit on 77
21:04 INFO    : Run interrupted by signal 2: checkpoint and exit on 77
21:04 INFO    : Run interrupted by signal 2: checkpoint and exit on 77
21:04 INFO    : Run interrupted by signal 2: checkpoint and exit on 77
21:04 INFO    : Run interrupted by signal 2: checkpoint and exit on 77
21:04 INFO    : Run interrupted by signal 2: checkpoint and exit on 77
21:04 INFO    : Run interrupted by signal 2: checkpoint and exit on 77
21:04 INFO    : Run interrupted by signal 2: checkpoint and exit on 77
21:04 INFO    : Run interrupted by signal 2: checkpoint and exit on 77
21:04 INFO    : Run interrupted by signal 2: checkpoint and exit on 77
21:04 INFO    : Run interrupted by signal 2: checkpoint and exit on 77
21:04 INFO    : Run interrupted by signal 2: checkpoint and exit on 77
